"make" depend && "make" _tests
make[1]: Entering directory '/home/phaedrus/Forge/GH/Qompass/KO/qompassl-340'
make[1]: Leaving directory '/home/phaedrus/Forge/GH/Qompass/KO/qompassl-340'
make[1]: Entering directory '/home/phaedrus/Forge/GH/Qompass/KO/qompassl-340'
"make" run_tests
make[2]: Entering directory '/home/phaedrus/Forge/GH/Qompass/KO/qompassl-340'
( SRCTOP=. \
  BLDTOP=. \
  PERL="/usr/bin/perl" \
  FIPSKEY="f4556650ac31d35461610bac4ed81b1a181b2d8a43ea2854cbae22ca74560813" \
  EXE_EXT= \
  /usr/bin/perl ./test/run_tests.pl  )
00-prep_fipsmodule_cnf.t .. ok
All tests successful.
Files=1, Tests=1,  0 wallclock secs ( 0.03 usr  0.00 sys +  0.29 cusr  0.04 csys =  0.36 CPU)
Result: PASS
01-test_abort.t ......................... ok
01-test_fipsmodule_cnf.t ................ ok
01-test_sanity.t ........................ ok
01-test_symbol_presence.t ............... ok
01-test_test.t .......................... ok
02-test_errstr.t ........................ ok
02-test_internal_context.t .............. ok
02-test_internal_ctype.t ................ ok
02-test_internal_exts.t ................. ok
02-test_internal_keymgmt.t .............. ok
02-test_internal_provider.t ............. ok
02-test_lhash.t ......................... ok
02-test_list.t .......................... ok
02-test_localetest.t .................... ok
02-test_ordinals.t ...................... ok
02-test_priority_queue.t ................ ok
02-test_sparse_array.t .................. ok
02-test_stack.t ......................... ok
02-test_strtoul.t ....................... ok
02-test_time.t .......................... ok
02-test_windows_registry.t .............. skipped: Windows registry tests are only available on windows
03-test_exdata.t ........................ ok
03-test_fipsinstall.t ................... ok
03-test_internal_asn1.t ................. ok
03-test_internal_asn1_dsa.t ............. ok
03-test_internal_bn.t ................... ok
03-test_internal_chacha.t ............... ok
03-test_internal_curve448.t ............. ok
03-test_internal_ec.t ................... ok
03-test_internal_ffc.t .................. ok
03-test_internal_mdc2.t ................. ok
03-test_internal_modes.t ................ ok
03-test_internal_namemap.t .............. ok
03-test_internal_poly1305.t ............. ok
03-test_internal_rsa_sp800_56b.t ........ ok
03-test_internal_siphash.t .............. ok
03-test_internal_sm2.t .................. ok
03-test_internal_sm3.t .................. ok
03-test_internal_sm4.t .................. ok
03-test_internal_ssl_cert_table.t ....... ok
03-test_internal_x509.t ................. ok
03-test_params_api.t .................... ok
03-test_property.t ...................... ok
03-test_ui.t ............................ ok
04-test_asn1_decode.t ................... ok
04-test_asn1_encode.t ................... ok
04-test_asn1_parse.t .................... ok
04-test_asn1_stable_parse.t ............. ok
04-test_asn1_string_table.t ............. ok
04-test_bio_callback.t .................. ok
04-test_bio_core.t ...................... ok
04-test_bio_dgram.t ..................... ok
04-test_bio_tfo.t ....................... ok
04-test_bioprint.t ...................... ok
04-test_conf.t .......................... ok
04-test_encoder_decoder.t ............... ok
04-test_encoder_decoder_legacy.t ........ ok
04-test_err.t ........................... ok
04-test_hexstring.t ..................... ok
04-test_membio.t ........................ ok
04-test_nodefltctx.t .................... ok
04-test_param_build.t ................... ok
04-test_params.t ........................ ok
04-test_params_conversion.t ............. ok
04-test_pem_read_depr.t ................. ok
04-test_pem_reading.t ................... ok
04-test_provfetch.t ..................... ok
04-test_provider.t ...................... ok
04-test_provider_default_search_path.t .. ok
04-test_provider_fallback.t ............. ok
04-test_provider_pkey.t ................. ok
04-test_punycode.t ...................... ok
04-test_upcalls.t ....................... ok
05-test_bf.t ............................ ok
05-test_cast.t .......................... ok
05-test_cmac.t .......................... ok
05-test_des.t ........................... ok
05-test_hmac.t .......................... ok
05-test_idea.t .......................... ok
05-test_pbe.t ........................... ok
05-test_rand.t .......................... ok
05-test_rc2.t ........................... ok
05-test_rc4.t ........................... ok
05-test_rc5.t ........................... ok
06-test_algorithmid.t ................... ok
06-test_rdcpu_sanity.t .................. ok
07-test_bio_comp.t ...................... ok
10-test_bn.t ............................ ok
10-test_exp.t ........................... ok
15-test_dh.t ............................ ok
15-test_dsa.t ........................... ok
15-test_dsaparam.t ...................... ok
15-test_ec.t ............................ ok
15-test_ecdsa.t ......................... ok
15-test_ecparam.t ....................... ok
15-test_gendh.t ......................... ok
15-test_gendhparam.t .................... ok
15-test_gendsa.t ........................ ok
15-test_genec.t ......................... ok
15-test_genpkey.t ....................... ok
15-test_genrsa.t ........................ ok
15-test_gensm2.t ........................ ok
15-test_mp_rsa.t ........................ ok
15-test_out_option.t .................... ok
15-test_rsa.t ........................... ok
15-test_rsaoaep.t ....................... ok
15-test_rsapss.t ........................ ok
15-test_rsax931.t ....................... ok
15-test_sha.t ........................... ok
20-test_app.t ........................... ok
20-test_cli_fips.t ...................... ok
20-test_dgst.t .......................... ok
20-test_dhparam.t ....................... ok
20-test_dhparam_check.t ................. ok
20-test_enc.t ........................... ok
20-test_enc_more.t ...................... ok
20-test_kdf.t ........................... ok
20-test_legacy_okay.t ................... ok
20-test_mac.t ........................... ok
20-test_passwd.t ........................ ok
20-test_pkeyutl.t ....................... ok
20-test_rand_config.t ................... ok
20-test_speed.t ......................... ok
20-test_spkac.t ......................... ok
25-test_crl.t ........................... ok
25-test_d2i.t ........................... ok
25-test_eai_data.t ...................... ok
25-test_pkcs7.t ......................... ok
25-test_pkcs8.t ......................... ok
25-test_req.t ........................... ok
25-test_rusext.t ........................ ok
25-test_sid.t ........................... ok
25-test_verify.t ........................ ok
25-test_verify_store.t .................. ok
25-test_x509.t .......................... ok
30-test_acvp.t .......................... ok
30-test_aesgcm.t ........................ ok
30-test_afalg.t ......................... ok
30-test_defltfips.t ..................... ok
30-test_engine.t ........................ ok
30-test_evp.t ........................... ok
30-test_evp_byname.t .................... ok
30-test_evp_extra.t ..................... ok
30-test_evp_fetch_prov.t ................ ok
30-test_evp_kdf.t ....................... ok
30-test_evp_libctx.t .................... ok
30-test_evp_pkey_dhkem.t ................ ok
30-test_evp_pkey_dparam.t ............... ok
30-test_evp_pkey_provided.t ............. ok
30-test_evp_xof.t ....................... ok
30-test_hpke.t .......................... ok
30-test_pairwise_fail.t ................. ok
30-test_pbelu.t ......................... ok
30-test_pkey_meth.t ..................... ok
30-test_pkey_meth_kdf.t ................. ok
30-test_prov_config.t ................... ok
30-test_provider_status.t ............... ok
40-test_rehash.t ........................ ok
60-test_x509_acert.t .................... ok
60-test_x509_check_cert_pkey.t .......... ok
60-test_x509_dup_cert.t ................. ok
60-test_x509_load_cert_file.t ........... ok
60-test_x509_req.t ...................... ok
60-test_x509_store.t .................... ok
60-test_x509_time.t ..................... ok
61-test_bio_addr.t ...................... ok
61-test_bio_meth.t ...................... ok
61-test_bio_prefix.t .................... ok
61-test_bio_pw_callback.t ............... ok
61-test_bio_readbuffer.t ................ ok
65-test_cmp_asn.t ....................... ok
65-test_cmp_client.t .................... ok
65-test_cmp_ctx.t ....................... ok
65-test_cmp_hdr.t ....................... ok
65-test_cmp_msg.t ....................... ok
65-test_cmp_protect.t ................... ok
65-test_cmp_server.t .................... ok
65-test_cmp_status.t .................... ok
65-test_cmp_vfy.t ....................... ok
66-test_ossl_store.t .................... ok
70-test_asyncio.t ....................... ok
70-test_bad_dtls.t ...................... ok
70-test_certtypeext.t ................... ok
70-test_clienthello.t ................... ok
70-test_comp.t .......................... ok
70-test_key_share.t ..................... ok
70-test_npn.t ........................... ok
70-test_packet.t ........................ ok
70-test_quic_cfq.t ...................... ok
70-test_quic_fc.t ....................... ok
70-test_quic_fifd.t ..................... ok
70-test_quic_lcidm.t .................... ok
70-test_quic_multistream.t .............. ok
70-test_quic_qlog.t ..................... ok
70-test_quic_rcidm.t .................... ok
70-test_quic_record.t ................... ok
70-test_quic_srtm.t ..................... ok
70-test_quic_stream.t ................... ok
70-test_quic_tserver.t .................. ok
70-test_quic_txp.t ...................... ok
70-test_quic_txpim.t .................... ok
70-test_quic_wire.t ..................... ok
70-test_recordlen.t ..................... ok
70-test_renegotiation.t ................. ok
70-test_servername.t .................... ok
70-test_sslcbcpadding.t ................. ok
70-test_sslcertstatus.t ................. ok
70-test_sslextension.t .................. ok
70-test_sslmessages.t ................... ok
70-test_sslrecords.t .................... ok
70-test_sslsessiontick.t ................ ok
70-test_sslsigalgs.t .................... ok
70-test_sslsignature.t .................. ok
70-test_sslskewith0p.t .................. ok
70-test_sslversions.t ................... ok
70-test_sslvertol.t ..................... ok
70-test_tls13alerts.t ................... ok
70-test_tls13certcomp.t ................. ok
70-test_tls13cookie.t ................... ok
70-test_tls13downgrade.t ................ ok
70-test_tls13hrr.t ...................... ok
70-test_tls13kexmodes.t ................. ok
70-test_tls13messages.t ................. ok
70-test_tls13psk.t ...................... ok
70-test_tlsextms.t ...................... ok
70-test_verify_extra.t .................. ok
70-test_wpacket.t ....................... ok
71-test_ssl_ctx.t ....................... ok
75-test_json_enc.t ...................... ok
75-test_quic_ackm.t ..................... ok
75-test_quic_cc.t ....................... ok
75-test_quic_srt_gen.t .................. ok
75-test_quicapi.t ....................... ok
79-test_http.t .......................... ok
80-test_ca.t ............................ ok
80-test_ca_internals.t .................. ok
80-test_cipherbytes.t ................... ok
80-test_cipherlist.t .................... ok
80-test_ciphername.t .................... ok
80-test_cmp_http.t ...................... ok
80-test_cms.t ........................... ok
80-test_cmsapi.t ........................ ok
80-test_ct.t ............................ ok
80-test_dane.t .......................... ok
80-test_dtls.t .......................... ok
80-test_dtls_mtu.t ...................... ok
80-test_dtlsv1listen.t .................. ok
80-test_ocsp.t .......................... ok
80-test_pkcs12.t ........................ ok
80-test_policy_tree.t ................... ok
80-test_ssl_new.t ....................... ok
80-test_ssl_old.t ....................... ok
80-test_ssl_test_ctx.t .................. ok
80-test_sslcorrupt.t .................... ok
80-test_tsa.t ........................... ok
80-test_x509aux.t ....................... ok
81-test_cmp_cli.t ....................... ok
82-test_ocsp_cert_chain.t ............... ok
82-test_tfo_cli.t ....................... ok
90-test_asn1_time.t ..................... ok
90-test_async.t ......................... ok
90-test_bio_base64.t .................... ok
90-test_bio_enc.t ....................... ok
90-test_bio_memleak.t ................... ok
90-test_cert_comp.t ..................... ok
90-test_constant_time.t ................. ok
90-test_fatalerr.t ...................... ok
90-test_fipsload.t ...................... ok
90-test_gmdiff.t ........................ ok
90-test_ige.t ........................... ok
90-test_includes.t ...................... ok
90-test_memleak.t ....................... ok
90-test_overhead.t ...................... ok
90-test_quicfaults.t .................... ok
90-test_rpk.t ........................... ok
90-test_secmem.t ........................ ok
90-test_shlibload.t ..................... ok
90-test_srp.t ........................... ok
90-test_sslapi.t ........................ ok
90-test_sslbuffers.t .................... ok
90-test_store.t ......................... ok
90-test_store_cases.t ................... ok
90-test_sysdefault.t .................... ok
90-test_threads.t ....................... ok
90-test_time_offset.t ................... ok
90-test_tls13ccs.t ...................... ok
90-test_tls13encryption.t ............... ok
90-test_tls13secrets.t .................. ok
90-test_trace_api.t ..................... ok
90-test_v3name.t ........................ ok
91-test_pkey_check.t .................... ok

    # ERROR:  @ test/quic_client_test.c:104
    # timeout while attempting QUIC client test
    # 
    # OPENSSL_TEST_RAND_SEED=1730335048
    not ok 1 - test_quic_client
# ------------------------------------------------------------------------------
    # ERROR: (bool) 'ret == 1 || is_want(c_ssl, ret) == true' failed @ test/quic_client_test.c:110
    # false
    # 40870E5BCF760000:error:8000006F:system library:dgram_recvmmsg:Connection refused:crypto/bio/bss_dgram.c:1589:
    # 40870E5BCF760000:error:0A000183:SSL routines:ossl_quic_port_raise_net_error:quic network error:ssl/quic/quic_port.c:596:port failed due to network BIO I/O error
    # 40870E5BCF760000:error:0A0000CF:SSL routines:quic_do_handshake:protocol is shutdown:ssl/quic/quic_impl.c:1692:
    # OPENSSL_TEST_RAND_SEED=1730335048
    not ok 2 - test_quic_client_connect_first
# ------------------------------------------------------------------------------
../../util/wrap.pl ../../test/quic_client_test => 1
not ok 3 - running quic_client_test
# ------------------------------------------------------------------------------
#   Failed test 'running quic_client_test'
#   at test/recipes/95-test_external_cf_quiche.t line 33.
# Looks like you failed 1 test of 3.95-test_external_cf_quiche.t ............ 
Dubious, test returned 1 (wstat 256, 0x100)
Failed 1/3 subtests 

FATAL: Startup failure (dev note: apps_startup()) for openssl
4017A74E41720000:error:1300006D:engine routines:dynamic_load:init failed:crypto/engine/eng_dyn.c:510:
4017A74E41720000:error:13000066:engine routines:int_engine_configure:engine configuration error:crypto/engine/eng_cnf.c:139:section=capi_section, name=dynamic_path, value=/opt/qompassl/lib64/engines-3/capi.so
4017A74E41720000:error:0700006D:configuration file routines:module_run:module initialization error:crypto/conf/conf_mod.c:288:module=engines, value=engine_section retcode=-1      
------------------------------------------------------------------
Testing OpenSSL using GOST engine:
   CWD:                /home/phaedrus/Forge/GH/Qompass/KO/qompassl-340/test-runs/test_external_gost_engine
   SRCTOP:             /home/phaedrus/Forge/GH/Qompass/KO/qompassl-340
   BLDTOP:             /home/phaedrus/Forge/GH/Qompass/KO/qompassl-340
   OPENSSL_ROOT_DIR:   /home/phaedrus/Forge/GH/Qompass/KO/qompassl-340
   OpenSSL version:    
------------------------------------------------------------------
-- The C compiler identification is Clang 18.1.8
-- Detecting C compiler ABI info
-- Detecting C compiler ABI info - done
-- Check for working C compiler: /usr/bin/cc - skipped
-- Detecting C compile features
-- Detecting C compile features - done
-- Found OpenSSL: /home/phaedrus/Forge/GH/Qompass/KO/qompassl-340/libcrypto.so (found suitable version "3.4.0", minimum required is "3.0")
-- Setting build type to 'RelWithDebInfo' as none was specified.
-- Found OpenSSL application: /home/phaedrus/Forge/GH/Qompass/KO/qompassl-340/apps/openssl
-- Looking for clock_gettime
-- Looking for clock_gettime - found
-- Looking for clock_gettime in rt
-- Looking for clock_gettime in rt - found
-- LITTLE_ENDIAN
-- Performing Test ADDCARRY_U64
-- Performing Test ADDCARRY_U64 - Success
-- Performing Test RELAXED_ALIGNMENT
-- Performing Test RELAXED_ALIGNMENT - Success
-- No Test2::V0 perl module (engine and provider tests skipped)
CMake Deprecation Warning at libprov/CMakeLists.txt:1 (cmake_minimum_required):
  Compatibility with CMake < 3.5 will be removed from a future version of
  CMake.
  Update the VERSION argument <min> value or use a ...<max> suffix to tell
  CMake that the project does not need compatibility with older versions.
CMake Warning (dev) at CMakeLists.txt:438 (install):
  Target lib_gost_engine has PUBLIC_HEADER files but no PUBLIC_HEADER
  DESTINATION.
This warning is for project developers.  Use -Wno-dev to suppress it.
-- Configuring done (1.3s)
-- Generating done (0.0s)
-- Build files have been written to: /home/phaedrus/Forge/GH/Qompass/KO/qompassl-340/test-runs/test_external_gost_engine
make[3]: Entering directory '/home/phaedrus/Forge/GH/Qompass/KO/qompassl-340/test-runs/test_external_gost_engine'
[  1%] Building C object CMakeFiles/test_digest.dir/test_digest.c.o
[  2%] Linking C executable bin/test_digest
[  2%] Built target test_digest
[  3%] Building C object CMakeFiles/test_ciphers.dir/test_ciphers.c.o
[  4%] Linking C executable bin/test_ciphers
[  4%] Built target test_ciphers
[  6%] Building C object CMakeFiles/gost_err.dir/e_gost_err.c.o
[  7%] Linking C static library libgost_err.a
[  7%] Built target gost_err
[  8%] Building C object CMakeFiles/gost_core.dir/gost_ameth.c.o
[  9%] Building C object CMakeFiles/gost_core.dir/gost_pmeth.c.o
[ 10%] Building C object CMakeFiles/gost_core.dir/gost_ctl.c.o
[ 12%] Building C object CMakeFiles/gost_core.dir/gost_asn1.c.o
[ 13%] Building C object CMakeFiles/gost_core.dir/gost_crypt.c.o
[ 14%] Building C object CMakeFiles/gost_core.dir/gost_keywrap.c.o
[ 15%] Building C object CMakeFiles/gost_core.dir/gost_md.c.o
[ 17%] Building C object CMakeFiles/gost_core.dir/gost_md2012.c.o
[ 18%] Building C object CMakeFiles/gost_core.dir/gost_omac.c.o
[ 19%] Building C object CMakeFiles/gost_core.dir/gost_omac_acpkm.c.o
[ 20%] Building C object CMakeFiles/gost_core.dir/gost_gost2015.c.o
[ 21%] Building C object CMakeFiles/gost_core.dir/gost_params.c.o
[ 23%] Building C object CMakeFiles/gost_core.dir/gost_keyexpimp.c.o
[ 24%] Building C object CMakeFiles/gost_core.dir/gost89.c.o
[ 25%] Building C object CMakeFiles/gost_core.dir/gosthash.c.o
[ 26%] Building C object CMakeFiles/gost_core.dir/gosthash2012.c.o
[ 28%] Building C object CMakeFiles/gost_core.dir/gost_grasshopper_core.c.o
[ 29%] Building C object CMakeFiles/gost_core.dir/gost_grasshopper_defines.c.o
[ 30%] Building C object CMakeFiles/gost_core.dir/gost_grasshopper_galois_precompiled.c.o
[ 31%] Building C object CMakeFiles/gost_core.dir/gost_grasshopper_precompiled.c.o
[ 32%] Building C object CMakeFiles/gost_core.dir/gost_grasshopper_cipher.c.o
[ 34%] Building C object CMakeFiles/gost_core.dir/gost_ec_keyx.c.o
[ 35%] Building C object CMakeFiles/gost_core.dir/gost_ec_sign.c.o
[ 36%] Building C object CMakeFiles/gost_core.dir/ecp_id_GostR3410_2001_CryptoPro_A_ParamSet.c.o
[ 37%] Building C object CMakeFiles/gost_core.dir/ecp_id_GostR3410_2001_CryptoPro_B_ParamSet.c.o
[ 39%] Building C object CMakeFiles/gost_core.dir/ecp_id_GostR3410_2001_CryptoPro_C_ParamSet.c.o
[ 40%] Building C object CMakeFiles/gost_core.dir/ecp_id_GostR3410_2001_TestParamSet.c.o
[ 41%] Building C object CMakeFiles/gost_core.dir/ecp_id_tc26_gost_3410_2012_256_paramSetA.c.o
[ 42%] Building C object CMakeFiles/gost_core.dir/ecp_id_tc26_gost_3410_2012_512_paramSetA.c.o
[ 43%] Building C object CMakeFiles/gost_core.dir/ecp_id_tc26_gost_3410_2012_512_paramSetB.c.o
[ 45%] Building C object CMakeFiles/gost_core.dir/ecp_id_tc26_gost_3410_2012_512_paramSetC.c.o
[ 46%] Linking C static library libgost_core.a
[ 46%] Built target gost_core
[ 47%] Building C object CMakeFiles/test_curves.dir/test_curves.c.o
[ 48%] Linking C executable bin/test_curves
[ 48%] Built target test_curves
[ 50%] Building C object CMakeFiles/test_params.dir/test_params.c.o
[ 51%] Linking C executable bin/test_params
[ 51%] Built target test_params
[ 52%] Building C object CMakeFiles/test_derive.dir/test_derive.c.o
[ 53%] Linking C executable bin/test_derive
[ 53%] Built target test_derive
[ 54%] Building C object CMakeFiles/test_sign.dir/test_sign.c.o
[ 56%] Linking C executable bin/test_sign
[ 56%] Built target test_sign
[ 57%] Building C object CMakeFiles/test_tls.dir/test_tls.c.o
[ 58%] Linking C executable bin/test_tls
[ 58%] Built target test_tls
[ 59%] Building C object CMakeFiles/test_context.dir/test_context.c.o
[ 60%] Linking C executable bin/test_context
[ 60%] Built target test_context
[ 62%] Building C object CMakeFiles/test_keyexpimp.dir/test_keyexpimp.c.o
[ 63%] Linking C executable bin/test_keyexpimp
[ 63%] Built target test_keyexpimp
[ 64%] Building C object CMakeFiles/test_gost89.dir/test_gost89.c.o
[ 65%] Linking C executable bin/test_gost89
[ 65%] Built target test_gost89
[ 67%] Building C object CMakeFiles/test_mgm.dir/test_mgm.c.o
[ 68%] Linking C executable bin/test_mgm
[ 68%] Built target test_mgm
[ 69%] Building C object CMakeFiles/sign.dir/benchmark/sign.c.o
[ 70%] Linking C executable bin/sign
[ 70%] Built target sign
[ 71%] Building C object CMakeFiles/gost_engine.dir/gost_eng.c.o
[ 73%] Linking C shared module bin/gost.so
[ 73%] Built target gost_engine
[ 74%] Building C object CMakeFiles/lib_gost_engine.dir/gost_eng.c.o
[ 75%] Linking C shared library bin/libgost.so
[ 75%] Built target lib_gost_engine
[ 76%] Building C object libprov/CMakeFiles/libprov.dir/err.c.o
ERROR: ld.so: object '../../util/../util/../libcrypto.so.3' from LD_PRELOAD cannot be preloaded (cannot open shared object file): ignored.
ERROR: ld.so: object '../../util/../util/../libssl.so.3' from LD_PRELOAD cannot be preloaded (cannot open shared object file): ignored.
[ 78%] Linking C static library libprov.a
ERROR: ld.so: object '../../util/../util/../libcrypto.so.3' from LD_PRELOAD cannot be preloaded (cannot open shared object file): ignored.
ERROR: ld.so: object '../../util/../util/../libssl.so.3' from LD_PRELOAD cannot be preloaded (cannot open shared object file): ignored.
ERROR: ld.so: object '../../util/../util/../libcrypto.so.3' from LD_PRELOAD cannot be preloaded (cannot open shared object file): ignored.
ERROR: ld.so: object '../../util/../util/../libssl.so.3' from LD_PRELOAD cannot be preloaded (cannot open shared object file): ignored.
ERROR: ld.so: object '../../util/../util/../libcrypto.so.3' from LD_PRELOAD cannot be preloaded (cannot open shared object file): ignored.
ERROR: ld.so: object '../../util/../util/../libssl.so.3' from LD_PRELOAD cannot be preloaded (cannot open shared object file): ignored.
ERROR: ld.so: object '../../util/../util/../libcrypto.so.3' from LD_PRELOAD cannot be preloaded (cannot open shared object file): ignored.
ERROR: ld.so: object '../../util/../util/../libssl.so.3' from LD_PRELOAD cannot be preloaded (cannot open shared object file): ignored.
[ 78%] Built target libprov
[ 79%] Building C object CMakeFiles/gost_prov.dir/gost_prov.c.o
[ 80%] Building C object CMakeFiles/gost_prov.dir/gost_prov_cipher.c.o
[ 81%] Building C object CMakeFiles/gost_prov.dir/gost_prov_digest.c.o
[ 82%] Building C object CMakeFiles/gost_prov.dir/gost_prov_mac.c.o
[ 84%] Building C object CMakeFiles/gost_prov.dir/gost_eng.c.o
[ 85%] Linking C shared module bin/gostprov.so
[ 85%] Built target gost_prov
[ 86%] Building C object CMakeFiles/lib_gost_prov.dir/gost_prov.c.o
[ 87%] Building C object CMakeFiles/lib_gost_prov.dir/gost_prov_cipher.c.o
[ 89%] Building C object CMakeFiles/lib_gost_prov.dir/gost_prov_digest.c.o
[ 90%] Building C object CMakeFiles/lib_gost_prov.dir/gost_prov_mac.c.o
[ 91%] Building C object CMakeFiles/lib_gost_prov.dir/gost_eng.c.o
[ 92%] Linking C shared library bin/libgostprov.so
[ 92%] Built target lib_gost_prov
[ 93%] Building C object CMakeFiles/gostsum.dir/gostsum.c.o
[ 95%] Linking C executable bin/gostsum
[ 95%] Built target gostsum
[ 96%] Building C object CMakeFiles/gost12sum.dir/gost12sum.c.o
[ 97%] Linking C executable bin/gost12sum
[ 97%] Built target gost12sum
[ 98%] Building C object CMakeFiles/test_tlstree.dir/test_tlstree.c.o
[100%] Linking C executable bin/test_tlstree
[100%] Built target test_tlstree
make[3]: Leaving directory '/home/phaedrus/Forge/GH/Qompass/KO/qompassl-340/test-runs/test_external_gost_engine'
make[3]: Entering directory '/home/phaedrus/Forge/GH/Qompass/KO/qompassl-340/test-runs/test_external_gost_engine'
Running tests...
Test project /home/phaedrus/Forge/GH/Qompass/KO/qompassl-340/test-runs/test_external_gost_engine
      Start  1: digest-with-engine
 1/15 Test  #1: digest-with-engine ...............   Passed    0.09 sec
      Start  2: digest-with-provider
 2/15 Test  #2: digest-with-provider .............   Passed    0.09 sec
      Start  3: ciphers-with-engine
 3/15 Test  #3: ciphers-with-engine ..............   Passed    0.05 sec
      Start  4: ciphers-with-provider
 4/15 Test  #4: ciphers-with-provider ............   Passed    0.05 sec
      Start  5: curves
 5/15 Test  #5: curves ...........................   Passed    0.05 sec
      Start  6: parameters-with-engine
 6/15 Test  #6: parameters-with-engine ...........   Passed    0.03 sec
      Start  7: derive-with-engine
 7/15 Test  #7: derive-with-engine ...............   Passed    0.07 sec
      Start  8: sign/verify-with-engine
 8/15 Test  #8: sign/verify-with-engine ..........   Passed    0.03 sec
      Start  9: TLS-with-engine
 9/15 Test  #9: TLS-with-engine ..................   Passed    0.23 sec
      Start 10: context-with-engine
10/15 Test #10: context-with-engine ..............   Passed    0.01 sec
      Start 11: context-with-provider
11/15 Test #11: context-with-provider ............   Passed    0.01 sec
      Start 12: keyexpimp
12/15 Test #12: keyexpimp ........................   Passed    0.01 sec
      Start 13: gost89
13/15 Test #13: gost89 ...........................   Passed    0.01 sec
      Start 14: mgm-with-engine
14/15 Test #14: mgm-with-engine ..................   Passed    0.01 sec
      Start 15: mgm-with-provider
15/15 Test #15: mgm-with-provider ................   Passed    0.01 sec
100% tests passed, 0 tests failed out of 15
Total Test time (real) =   0.75 sec
make[3]: Leaving directory '/home/phaedrus/Forge/GH/Qompass/KO/qompassl-340/test-runs/test_external_gost_engine'
make[3]: Entering directory '/home/phaedrus/Forge/GH/Qompass/KO/qompassl-340/test-runs/test_external_gost_engine'
Using /home/phaedrus/Forge/GH/Qompass/KO/qompassl-340/apps/openssl as openssl
Using /usr/bin/tclsh as tclsh
PWD: /home/phaedrus/Forge/GH/Qompass/KO/qompassl-340/gost-engine/tcl_tests
OPENSSL_CONF: /home/phaedrus/Forge/GH/Qompass/KO/qompassl-340/gost-engine/tcl_tests/openssl-gost.cnf
ENGINE_DIR: /home/phaedrus/Forge/GH/Qompass/KO/qompassl-340/test-runs/test_external_gost_engine/bin
OPENSSL_ENGINES: /home/phaedrus/Forge/GH/Qompass/KO/qompassl-340/test-runs/test_external_gost_engine/bin
=========== ?????? ??????: ????? ?? ??????? engine =================
????    1: ????????? ????????? ?????????? ??????????                   :ok
===================================================
????? 1 ??????. ????????? 1 ???????, 0 ?????????
=========== ?????? ??????: ????? ?? ??????? dgst =================
????    1: ???????????? ???????? ??????                                :ok
????    2: ?????????? ????????? ?????????? md_gost12_256               :ok
????    3: ??? ????????? ?????????? md_gost12_256                      :ok
????    4: ???????? ?? ?????? ??????? ????? ?????????? md_gost12_256   :ok
????    5: ???????? ?? ????.?????? ?????????? md_gost12_256            :ok
????    6: ???????? ?? ???????????? ??????? 1 ?????????? md_gost12_256 :ok
????    7: ???????? ?? ???????????? ??????? 2 ?????????? md_gost12_256 :ok
????    8: ?????????? ????????? ?????????? md_gost12_512               :ok
????    9: ??? ????????? ?????????? md_gost12_512                      :ok
????   10: ???????? ?? ?????? ??????? ????? ?????????? md_gost12_512   :ok
????   11: ???????? ?? ????.?????? ?????????? md_gost12_512            :ok
????   12: ???????? ?? ???????????? ??????? 1 ?????????? md_gost12_512 :ok
????   13: ???????? ?? ???????????? ??????? 2 ?????????? md_gost12_512 :ok
????   14: ?????????? ????????? ?????????? md_gost94                   :ok
????   15: ?????????? ???? ?????????? ?????????? md_gost94             :ok
????   16: ?????????? ????????? ?? ?????? ??????? ????? ?????????? md_g:ok
????   17: ????????? ????, ???????? gost2001:A                         :ok
????   18: ??????? ?????????????? ????????? md5 c ???????? gost2001:A  :ok
????   19: ??????? ????????? hash_94 ?????????? gost2001:A             :ok
????   20: ???????? ??????? ??? ?????????? hash_94 ?? ????????? gost200:ok
????   21: ??????? ?????????????? ????????? hash_12_256 c ???????? gost:ok
????   22: ??????? ?????????????? ????????? hash_12_512 c ???????? gost:ok
????   23: ????????? ????, ???????? gost2012_256:A                     :ok
????   24: ??????? ?????????????? ????????? md5 c ???????? gost2012_256:ok
????   25: ??????? ?????????????? ????????? hash_94 c ???????? gost2012:ok
????   26: ??????? ????????? hash_12_256 ?????????? gost2012_256:A     :ok
????   27: ???????? ??????? ??? ?????????? hash_12_256 ?? ????????? gos:ok
????   28: ??????? ?????????????? ????????? hash_12_512 c ???????? gost:ok
????   29: ????????? ????, ???????? gost2012_512:A                     :ok
????   30: ??????? ?????????????? ????????? md5 c ???????? gost2012_512:ok
????   31: ??????? ?????????????? ????????? hash_94 c ???????? gost2012:ok
????   32: ??????? ?????????????? ????????? hash_12_256 c ???????? gost:ok
????   33: ??????? ????????? hash_12_512 ?????????? gost2012_512:A     :ok
????   34: ???????? ??????? ??? ?????????? hash_12_512 ?? ????????? gos:ok
===================================================
????? 34 ??????. ????????? 34 ???????, 0 ?????????
=========== ?????? ??????: ????? ?? ??????? dgst ? MAC =================
????    1: ???????????? ???????? ??????                                :ok
????    2: ?????????? HMAC(md_gost12_512)                              :ok
????    3: ?????????? ???? HMAC(md_gost12_512)                         :ok
????    4: ?????????? HMAC(md_gost94)                                  :ok
????    5: ?????????? ???? HMAC(md_gost94)                             :ok
????    6: ??????? ????????? MAC ? ?????? ???????????? ?????           :ok
????    7: ??????? ????????? MAC ? hex ?????? ???????????? ?????       :ok
????    8: ?????????? MAC gost89                                       :ok
????    9: ?????????? ???? MAC gost89                                  :ok
????   10: ??????????? MAC gost89 ? ???????????????? ??????            :ok
????   11: ?????????? MAC gost89 ?? ????? ??????? ?????                :ok
????   12: ?????????? MAC gost89 ?? ????? ????? 2                      :ok
????   13: ?????????? MAC gost89 ?? ????? ????? 8                      :ok
????   14: ?????????? MAC gost8912                                     :ok
????   15: ?????????? MAC gost89 ?? ?????? ?????????? ?? ????????? ?? g:ok
????   16: ?????????? MAC gost8912 ?? ?????? ?????????? ?? ????????? ??:ok
????   17: ?????????? MAC gost89 ?? ?????? ?????????? ?? ????????? 1.2.:ok
????   18: ?????????? MAC gost8912 ?? ?????? ?????????? ?? ????????? id:ok
????   19: ?????????? MAC gost89 ? ????????? ????? ???????????? (8)    :ok
????   20: ?????????? MAC gost8912 ? ????????? ????? ???????????? (6)  :ok
????   21: ?????????? MAC gost89 ? ????????? ????? ???????????? (2)    :ok
????   22: ?????????? MAC gost89 ? ????????? ????? ???????????? ????? m:ok
????   23: ?????????? MAC gost8912 ? ????????? ????? ???????????? ?????:ok
????   24: ?????????? MAC gost8912 ? ????????? ????? ????????????:sigop:ok
????   25: ?????????? MAC gost8912 ? ????????? ????? ????????????:sigop:ok
????   26: ?????????? MAC magma-mac (?????? ?? ???? 2015 34.13)        :ok
????   27: ?????????? MAC grasshopper-mac (?????? ?? ???? 2015 34.13)  :ok
===================================================
????? 27 ??????. ????????? 27 ???????, 0 ?????????
=========== ?????? ??????: ????? ?? ??????? pkcs8 =================
????    1: ???????? ????????? ???? gost2001                            :failed
????    2: ???????????? ? DER ? ?????????, ??? ???? ??? ?? gost2001    :ok
????    3: ????????????? ??????????????? ???? gost2001, ????????? Crypt:ok
????    4: ????????? OID-? PBE                                         :ok
????    5: ?????????????? ????????????? ???? gost2001                  :ok
????    6: ????????????? ??????????????? ???? gost2001, ????????? Crypt:ok
????    7: ????????? OID-? PBE                                         :ok
????    8: ?????????????? ????????????? ???? gost2001                  :ok
????    9: ?????????????? ????, ????????? mkkey                        :ok
????   10: ?????????????? ????, ????????? mkkey, ??????? ??????        :ok
????   11: ???????? ????????? ???? gost2012_256                        :failed
????   12: ???????????? ? DER ? ?????????, ??? ???? ??? ?? gost2012_256:ok
????   13: ????????????? ??????????????? ???? gost2012_256, ????????? T:ok
????   14: ????????? OID-? PBE                                         :ok
????   15: ?????????????? ????????????? ???? gost2012_256              :ok
????   16: ???????? ????????? ???? gost2012_512                        :failed
????   17: ???????????? ? DER ? ?????????, ??? ???? ??? ?? gost2012_512:ok
????   18: ????????????? ??????????????? ???? gost2012_512, ????????? T:ok
????   19: ????????? OID-? PBE                                         :ok
????   20: ?????????????? ????????????? ???? gost2012 512 bit          :ok
===================================================
????? 20 ??????. ????????? 17 ???????, 3 ?????????
?????? ????? ????????? ?????????? ? pkcs8.log
=========== ?????? ??????: ????? ?? ??????? enc =================
????    1: Decrypting etalon file with GOST89-(CFB)                    :ok
????    2: Decrypting etalon file with GOST89-CNT                      :ok
????    3: Decrypting etalon file with GOST89-CBC                      :ok
????    4: Decrypting etalon file encrypted with AES128-CBC            :ok
????    5: Encrypting etalon file with GOST89-(CFB)                    :ok
????    6: Encrypting etalon file with GOST89-CNT mode                 :ok
????    7: Encrypting etalon file with GOST89-CBC mode                 :ok
????    8: Encrypting etalon file with AES128-CBC                      :ok
????    9: Encrypting file with GOST89-(CFB)                           :ok
????   10: Encrypting file with GOST89-CNT                             :ok
????   11: Encrypting file with GOST89-CBC                             :ok
????   12: Encrypting file using AES128-CBC                            :ok
????   13: Ciphered text with GOST89-CFB differs from plain text       :ok
????   14: Ciphered text with GOST89-CNT differs from plain text       :ok
????   15: Ciphered text with GOST89-CBC differs from plain text       :ok
????   16: Ciphered with AES text differs from plain text              :ok
????   17: Decrypting file, encrypted with GOST89-CFB                  :ok
????   18: Decrypting file, encrypted with GOST89-CNT                  :ok
????   19: Decrypting file, encrypted with GOST89-CBC                  :ok
????   20: Decrypting file encrypted with AES                          :ok
????   21: Encrypting GOST89 more than 1KB                             :ok
????   22: Decrypting GOST89 more than 1Kb                             :ok
????   23: Encrypting more than 1KB with GOST89-CNT                    :ok
????   24: Decrypting more than 1Kb with GOST89-CNT                    :ok
????   25: Encrypting more than 1KB with GOST89-CBC                    :ok
????   26: Decrypting more than 1Kb with GOST89-CBC                    :ok
????   27: Encrypting GOST89 with paramset TC26 (symbolic)             :ok
????   28: Decrypting GOST89 with paramset TC26 (OID)                  :ok
????   29: Decrypting GOST89 with default params                       :ok
????   30: Decrypting GOST89 with wrong explicitely set                :ok
????   31: Encrypting etalon file (Magma-CTR)                          :ok
===================================================
????? 31 ??????. ????????? 31 ???????, 0 ?????????
=========== ?????? ??????: ???????? ?????? ? ??????, ??????? genpkey =================
????    1: ????????? ????, ???????? gost2001:A                         :ok
????    2: OID ? ????????? ?????                                       :ok
????    3: ???????? gost2001:A, ?????? ?? ?????????? ?????             :ok
????    4: ??????? ??? ??????? ?????????                               :ok
????    5: OID ? ??????, ???????? gost2001:A                           :ok
????    6: ???????? gost2001:A, ?????????? ?? ?????????? ?????         :ok
????    7: OID ? ???????????                                           :ok
????    8: ???????? gost2001:A ????????? ???? ? DER-???????            :ok
????    9: OID ? ????????? ????? gost2001:A DER                        :ok
????   10: ??????? ?????? ?? ????? ? ??????? DER                       :ok
????   11: ??????? ??? ??????? ?????????                               :ok
????   12: ????????? ????, ???????? gost2001:B                         :ok
????   13: OID ? ????????? ?????                                       :ok
????   14: ???????? gost2001:B, ?????? ?? ?????????? ?????             :ok
????   15: ??????? ??? ??????? ?????????                               :ok
????   16: OID ? ??????, ???????? gost2001:B                           :ok
????   17: ???????? gost2001:B, ?????????? ?? ?????????? ?????         :ok
????   18: OID ? ???????????                                           :ok
????   19: ???????? gost2001:B ????????? ???? ? DER-???????            :ok
????   20: OID ? ????????? ????? gost2001:B DER                        :ok
????   21: ??????? ?????? ?? ????? ? ??????? DER                       :ok
????   22: ??????? ??? ??????? ?????????                               :ok
????   23: ????????? ????, ???????? gost2001:C                         :ok
????   24: OID ? ????????? ?????                                       :ok
????   25: ???????? gost2001:C, ?????? ?? ?????????? ?????             :ok
????   26: ??????? ??? ??????? ?????????                               :ok
????   27: OID ? ??????, ???????? gost2001:C                           :ok
????   28: ???????? gost2001:C, ?????????? ?? ?????????? ?????         :ok
????   29: OID ? ???????????                                           :ok
????   30: ???????? gost2001:C ????????? ???? ? DER-???????            :ok
????   31: OID ? ????????? ????? gost2001:C DER                        :ok
????   32: ??????? ?????? ?? ????? ? ??????? DER                       :ok
????   33: ??????? ??? ??????? ?????????                               :ok
????   34: ????????? ????, ???????? gost2001:XA                        :ok
????   35: OID ? ????????? ?????                                       :ok
????   36: ???????? gost2001:XA, ?????? ?? ?????????? ?????            :ok
????   37: ??????? ??? ??????? ?????????                               :ok
????   38: OID ? ??????, ???????? gost2001:XA                          :ok
????   39: ???????? gost2001:XA, ?????????? ?? ?????????? ?????        :ok
????   40: OID ? ???????????                                           :ok
????   41: ???????? gost2001:XA ????????? ???? ? DER-???????           :ok
????   42: OID ? ????????? ????? gost2001:XA DER                       :ok
????   43: ??????? ?????? ?? ????? ? ??????? DER                       :ok
????   44: ??????? ??? ??????? ?????????                               :ok
????   45: ????????? ????, ???????? gost2001:XB                        :ok
????   46: OID ? ????????? ?????                                       :ok
????   47: ???????? gost2001:XB, ?????? ?? ?????????? ?????            :ok
????   48: ??????? ??? ??????? ?????????                               :ok
????   49: OID ? ??????, ???????? gost2001:XB                          :ok
????   50: ???????? gost2001:XB, ?????????? ?? ?????????? ?????        :ok
????   51: OID ? ???????????                                           :ok
????   52: ???????? gost2001:XB ????????? ???? ? DER-???????           :ok
????   53: OID ? ????????? ????? gost2001:XB DER                       :ok
????   54: ??????? ?????? ?? ????? ? ??????? DER                       :ok
????   55: ??????? ??? ??????? ?????????                               :ok
????   56: ????????? ????, ???????? gost2012_256:0                     :ok
????   57: OID ? ????????? ?????                                       :ok
????   58: ???????? gost2012_256:0, ?????? ?? ?????????? ?????         :ok
????   59: ??????? ??? ??????? ?????????                               :ok
????   60: OID ? ??????, ???????? gost2012_256:0                       :ok
????   61: ???????? gost2012_256:0, ?????????? ?? ?????????? ?????     :ok
????   62: OID ? ???????????                                           :ok
????   63: ???????? gost2012_256:0 ????????? ???? ? DER-???????        :ok
????   64: OID ? ????????? ????? gost2012_256:0 DER                    :ok
????   65: ??????? ?????? ?? ????? ? ??????? DER                       :ok
????   66: ??????? ??? ??????? ?????????                               :ok
????   67: ????????? ????, ???????? gost2012_256:A                     :ok
????   68: OID ? ????????? ?????                                       :ok
????   69: ???????? gost2012_256:A, ?????? ?? ?????????? ?????         :ok
????   70: ??????? ??? ??????? ?????????                               :ok
????   71: OID ? ??????, ???????? gost2012_256:A                       :ok
????   72: ???????? gost2012_256:A, ?????????? ?? ?????????? ?????     :ok
????   73: OID ? ???????????                                           :ok
????   74: ???????? gost2012_256:A ????????? ???? ? DER-???????        :ok
????   75: OID ? ????????? ????? gost2012_256:A DER                    :ok
????   76: ??????? ?????? ?? ????? ? ??????? DER                       :ok
????   77: ??????? ??? ??????? ?????????                               :ok
????   78: ????????? ????, ???????? gost2012_256:B                     :ok
????   79: OID ? ????????? ?????                                       :ok
????   80: ???????? gost2012_256:B, ?????? ?? ?????????? ?????         :ok
????   81: ??????? ??? ??????? ?????????                               :ok
????   82: OID ? ??????, ???????? gost2012_256:B                       :ok
????   83: ???????? gost2012_256:B, ?????????? ?? ?????????? ?????     :ok
????   84: OID ? ???????????                                           :ok
????   85: ???????? gost2012_256:B ????????? ???? ? DER-???????        :ok
????   86: OID ? ????????? ????? gost2012_256:B DER                    :ok
????   87: ??????? ?????? ?? ????? ? ??????? DER                       :ok
????   88: ??????? ??? ??????? ?????????                               :ok
????   89: ????????? ????, ???????? gost2012_256:C                     :ok
????   90: OID ? ????????? ?????                                       :ok
????   91: ???????? gost2012_256:C, ?????? ?? ?????????? ?????         :ok
????   92: ??????? ??? ??????? ?????????                               :ok
????   93: OID ? ??????, ???????? gost2012_256:C                       :ok
????   94: ???????? gost2012_256:C, ?????????? ?? ?????????? ?????     :ok
????   95: OID ? ???????????                                           :ok
????   96: ???????? gost2012_256:C ????????? ???? ? DER-???????        :ok
????   97: OID ? ????????? ????? gost2012_256:C DER                    :ok
????   98: ??????? ?????? ?? ????? ? ??????? DER                       :ok
????   99: ??????? ??? ??????? ?????????                               :ok
????  100: ????????? ????, ???????? gost2012_256:XA                    :ok
????  101: OID ? ????????? ?????                                       :ok
????  102: ???????? gost2012_256:XA, ?????? ?? ?????????? ?????        :ok
????  103: ??????? ??? ??????? ?????????                               :ok
????  104: OID ? ??????, ???????? gost2012_256:XA                      :ok
????  105: ???????? gost2012_256:XA, ?????????? ?? ?????????? ?????    :ok
????  106: OID ? ???????????                                           :ok
????  107: ???????? gost2012_256:XA ????????? ???? ? DER-???????       :ok
????  108: OID ? ????????? ????? gost2012_256:XA DER                   :ok
????  109: ??????? ?????? ?? ????? ? ??????? DER                       :ok
????  110: ??????? ??? ??????? ?????????                               :ok
????  111: ????????? ????, ???????? gost2012_256:XB                    :ok
????  112: OID ? ????????? ?????                                       :ok
????  113: ???????? gost2012_256:XB, ?????? ?? ?????????? ?????        :ok
????  114: ??????? ??? ??????? ?????????                               :ok
????  115: OID ? ??????, ???????? gost2012_256:XB                      :ok
????  116: ???????? gost2012_256:XB, ?????????? ?? ?????????? ?????    :ok
????  117: OID ? ???????????                                           :ok
????  118: ???????? gost2012_256:XB ????????? ???? ? DER-???????       :ok
????  119: OID ? ????????? ????? gost2012_256:XB DER                   :ok
????  120: ??????? ?????? ?? ????? ? ??????? DER                       :ok
????  121: ??????? ??? ??????? ?????????                               :ok
????  122: ????????? ????, ???????? gost2012_512:A                     :ok
????  123: OID ? ????????? ?????                                       :ok
????  124: ???????? gost2012_512:A, ?????? ?? ?????????? ?????         :ok
????  125: ??????? ??? ??????? ?????????                               :ok
????  126: OID ? ??????, ???????? gost2012_512:A                       :ok
????  127: ???????? gost2012_512:A, ?????????? ?? ?????????? ?????     :ok
????  128: OID ? ???????????                                           :ok
????  129: ???????? gost2012_512:A ????????? ???? ? DER-???????        :ok
????  130: OID ? ????????? ????? gost2012_512:A DER                    :ok
????  131: ??????? ?????? ?? ????? ? ??????? DER                       :ok
????  132: ??????? ??? ??????? ?????????                               :ok
????  133: ????????? ????, ???????? gost2012_512:B                     :ok
????  134: OID ? ????????? ?????                                       :ok
????  135: ???????? gost2012_512:B, ?????? ?? ?????????? ?????         :ok
????  136: ??????? ??? ??????? ?????????                               :ok
????  137: OID ? ??????, ???????? gost2012_512:B                       :ok
????  138: ???????? gost2012_512:B, ?????????? ?? ?????????? ?????     :ok
????  139: OID ? ???????????                                           :ok
????  140: ???????? gost2012_512:B ????????? ???? ? DER-???????        :ok
????  141: OID ? ????????? ????? gost2012_512:B DER                    :ok
????  142: ??????? ?????? ?? ????? ? ??????? DER                       :ok
????  143: ??????? ??? ??????? ?????????                               :ok
===================================================
????? 143 ??????. ????????? 143 ???????, 0 ?????????
=========== ?????? ??????: ???????? ?????? ? ??????, ??????? req -newkey =================
????    1: ???? 2001 ?????????                                         :ok
????    1: ?????? ????????? ?????????                                  :skipped 
????    3: ???? 2001 ????????? A                                       :ok
????    4: ?????? ????????? ?????????                                  :ok
????    5: ???? 2001 ????????? B                                       :ok
????    6: ?????? ????????? ?????????                                  :ok
????    7: ???? 2001 ????????? C                                       :ok
????    8: ?????? ????????? ?????????                                  :ok
????    9: ???? 2001 ????????? ???????? ????????                       :ok
????   10: ?????? ????????? ?????????                                  :ok
????   10: ???? 2001 ????????? ????????                                :skipped 
????   12: ?????? ????????? ?????????                                  :ok
????   13: ???? 2001 ????????? XA                                      :ok
????   14: ?????? ????????? ?????????                                  :ok
????   15: ???? 2001 ????????? XB                                      :ok
????   16: ?????? ????????? ?????????                                  :ok
????   17: ???? 2001 ????????? XB ?? ?????                             :ok
????   18: ?????? ????????? ?????????                                  :ok
????   19: ???? 2001 ????????? XB ?? OID                               :ok
????   20: ?????? ????????? ?????????                                  :ok
????   21: ???????????? OID                                            :ok
????   22: ?????? ????????? ?????????                                  :ok
????   23: ???????????? ??? ???????                                    :ok
????   24: ?????? ????????? ?????????                                  :ok
????   25: ???? 2012 256 ???                                           :ok
????   26: ?????? ????????? ?????????                                  :ok
????   27: ???? 2012 256 ??? ????????? A                               :ok
????   28: ?????? ????????? ?????????                                  :ok
????   29: ???? 2012 256 ??? ????????? B                               :ok
????   30: ?????? ????????? ?????????                                  :ok
????   31: ???? 2012 256 ??? ????????? C                               :ok
????   32: ?????? ????????? ?????????                                  :ok
????   33: ???? 2012 256 ??? ????????? ???????? ????????               :ok
????   34: ?????? ????????? ?????????                                  :ok
????   35: ???? 2012 256 ??? ??26 A                                    :ok
????   36: ?????? ????????? ?????????                                  :ok
????   37: ???? 2012 256 ??? ??26 B                                    :ok
????   38: ?????? ????????? ?????????                                  :ok
????   39: ???? 2012 256 ??? ??26 C                                    :ok
????   40: ?????? ????????? ?????????                                  :ok
????   41: ???? 2012 256 ??? ??26 D                                    :ok
????   42: ?????? ????????? ?????????                                  :ok
????   43: ???? 2012 256 ??? ??26 ???????? ????????                    :ok
????   44: ?????? ????????? ?????????                                  :ok
????   45: ???? 2012 256 ??? ????????? B ?? ?????                      :ok
????   46: ?????? ????????? ?????????                                  :ok
????   47: ???? 2012 256 ??? ????????? A ?? OID                        :ok
????   48: ?????? ????????? ?????????                                  :ok
????   49: ???????????? OID                                            :ok
????   50: ?????? ????????? ?????????                                  :ok
????   51: ???????????? ??? ???????                                    :ok
????   52: ?????? ????????? ?????????                                  :ok
????   53: ???? 2012 512 ???                                           :ok
????   54: ?????? ????????? ?????????                                  :ok
????   55: ???? 2012 512 ??? ??26 A                                    :ok
????   56: ?????? ????????? ?????????                                  :ok
????   57: ???? 2012 512 ??? ??26 B                                    :ok
????   58: ?????? ????????? ?????????                                  :ok
????   59: ???? 2012 512 ??? ??26 C                                    :ok
????   60: ?????? ????????? ?????????                                  :ok
????   61: ???? 2012 512 ??? ???????? ????????                         :ok
????   62: ?????? ????????? ?????????                                  :ok
????   63: ???? 2012 512 ??? ????? ?????????? B ?? ?????               :ok
????   64: ?????? ????????? ?????????                                  :ok
????   65: ???? 2012 512 ??? ????? ?????????? A ?? OID                 :ok
????   66: ?????? ????????? ?????????                                  :ok
????   67: ???????????? OID                                            :ok
????   68: ?????? ????????? ?????????                                  :ok
????   69: ???????????? ??? ???????                                    :ok
????   70: ?????? ????????? ?????????                                  :ok
===================================================
????? 70 ??????. ????????? 68 ???????, 0 ?????????
?????????: 0 ?? ?????? ????????? 2 ??-?? ???????????? ?????? ??????
=========== ?????? ??????: ????? ?? ??????? ca =================
????    1: Creating CA (gost2001:A)                                    :ok
????    2: Creating user request (gost2001:B)                          :ok
????    3: Registering cert at CA                                      :ok
????    4: Registering broken request at ca                            :ok
????    5: Revoking certificate                                        :ok
????    6: Generating CRL                                              :ok
????    7: Displaying CRL                                              :failed
????    8: Verifying CRL OK                                            :ok
????    9: Verifying corrupted CRL                                     :ok
????   10: Verifying CA certificate                                    :ok
????   11: Verifying certificate                                       :ok
????   12: Verifying bad certificate                                   :ok
????   13: Verifying revoked certificate                               :ok
????   14: Create a PKCS#7 structure from a certificate and CRL        :ok
????   15: Creates a PKCS#7 structure without CRL                      :ok
????   16: Creating CA (gost2012_256:A)                                :ok
????   17: Creating user request (gost2012_256:B)                      :ok
????   18: Registering cert at CA                                      :ok
????   19: Registering broken request at ca                            :ok
????   20: Revoking certificate                                        :ok
????   21: Generating CRL                                              :ok
????   22: Displaying CRL                                              :failed
????   23: Verifying CRL OK                                            :ok
????   24: Verifying corrupted CRL                                     :ok
????   25: Verifying CA certificate                                    :ok
????   26: Verifying certificate                                       :ok
????   27: Verifying bad certificate                                   :ok
????   28: Verifying revoked certificate                               :ok
????   29: Create a PKCS#7 structure from a certificate and CRL        :ok
????   30: Creates a PKCS#7 structure without CRL                      :ok
????   31: Creating user request (gost2012_512:B)                      :ok
????   32: Registering cert at CA                                      :ok
????   33: Registering broken request at ca                            :ok
????   34: Revoking certificate                                        :ok
????   35: Generating CRL                                              :ok
????   36: Displaying CRL                                              :failed
????   37: Verifying CRL OK                                            :ok
????   38: Verifying corrupted CRL                                     :ok
????   39: Verifying CA certificate                                    :ok
????   40: Verifying certificate                                       :ok
????   41: Verifying bad certificate                                   :ok
????   42: Verifying revoked certificate                               :ok
????   43: Create a PKCS#7 structure from a certificate and CRL        :ok
????   44: Creates a PKCS#7 structure without CRL                      :ok
????   45: Creating CA (gost2012_256:TCA)                              :ok
????   46: Creating user request (gost2012_256:A)                      :ok
????   47: Registering cert at CA                                      :ok
????   48: Registering broken request at ca                            :ok
????   49: Revoking certificate                                        :ok
????   50: Generating CRL                                              :ok
????   51: Displaying CRL                                              :failed
????   52: Verifying CRL OK                                            :ok
????   53: Verifying corrupted CRL                                     :ok
????   54: Verifying CA certificate                                    :ok
????   55: Verifying certificate                                       :ok
????   56: Verifying bad certificate                                   :ok
????   57: Verifying revoked certificate                               :ok
????   58: Create a PKCS#7 structure from a certificate and CRL        :ok
????   59: Creates a PKCS#7 structure without CRL                      :ok
????   60: Creating user request (gost2012_512:A)                      :ok
????   61: Registering cert at CA                                      :ok
????   62: Registering broken request at ca                            :ok
????   63: Revoking certificate                                        :ok
????   64: Generating CRL                                              :ok
????   65: Displaying CRL                                              :failed
????   66: Verifying CRL OK                                            :ok
????   67: Verifying corrupted CRL                                     :ok
????   68: Verifying CA certificate                                    :ok
????   69: Verifying certificate                                       :ok
????   70: Verifying bad certificate                                   :ok
????   71: Verifying revoked certificate                               :ok
????   72: Create a PKCS#7 structure from a certificate and CRL        :ok
????   73: Creates a PKCS#7 structure without CRL                      :ok
????   74: Creating CA (gost2012_512:A)                                :ok
????   75: Creating user request (gost2012_256:A)                      :ok
????   76: Registering cert at CA                                      :ok
????   77: Registering broken request at ca                            :ok
????   78: Revoking certificate                                        :ok
????   79: Generating CRL                                              :ok
????   80: Displaying CRL                                              :failed
????   81: Verifying CRL OK                                            :ok
????   82: Verifying corrupted CRL                                     :ok
????   83: Verifying CA certificate                                    :ok
????   84: Verifying certificate                                       :ok
????   85: Verifying bad certificate                                   :ok
????   86: Verifying revoked certificate                               :ok
????   87: Create a PKCS#7 structure from a certificate and CRL        :ok
????   88: Creates a PKCS#7 structure without CRL                      :ok
????   89: Creating user request (gost2012_256:TCA)                    :ok
????   90: Registering cert at CA                                      :ok
????   91: Registering broken request at ca                            :ok
????   92: Revoking certificate                                        :ok
????   93: Generating CRL                                              :ok
????   94: Displaying CRL                                              :failed
????   95: Verifying CRL OK                                            :ok
????   96: Verifying corrupted CRL                                     :ok
????   97: Verifying CA certificate                                    :ok
????   98: Verifying certificate                                       :ok
????   99: Verifying bad certificate                                   :ok
????  100: Verifying revoked certificate                               :ok
????  101: Create a PKCS#7 structure from a certificate and CRL        :ok
????  102: Creates a PKCS#7 structure without CRL                      :ok
????  103: Creating user request (gost2012_512:A)                      :ok
????  104: Registering cert at CA                                      :ok
????  105: Registering broken request at ca                            :ok
????  106: Revoking certificate                                        :ok
????  107: Generating CRL                                              :ok
????  108: Displaying CRL                                              :failed
????  109: Verifying CRL OK                                            :ok
????  110: Verifying corrupted CRL                                     :ok
????  111: Verifying CA certificate                                    :ok
????  112: Verifying certificate                                       :ok
????  113: Verifying bad certificate                                   :ok
????  114: Verifying revoked certificate                               :ok
????  115: Create a PKCS#7 structure from a certificate and CRL        :ok
????  116: Creates a PKCS#7 structure without CRL                      :ok
????  117: Creating user request (gost2012_512:C)                      :ok
????  118: Registering cert at CA                                      :ok
????  119: Registering broken request at ca                            :ok
????  120: Revoking certificate                                        :ok
????  121: Generating CRL                                              :ok
????  122: Displaying CRL                                              :failed
????  123: Verifying CRL OK                                            :ok
????  124: Verifying corrupted CRL                                     :ok
????  125: Verifying CA certificate                                    :ok
????  126: Verifying certificate                                       :ok
????  127: Verifying bad certificate                                   :ok
????  128: Verifying revoked certificate                               :ok
????  129: Create a PKCS#7 structure from a certificate and CRL        :ok
????  130: Creates a PKCS#7 structure without CRL                      :ok
????  131: Creating CA (gost2012_512:C)                                :ok
????  132: Creating user request (gost2012_256:B)                      :ok
????  133: Registering cert at CA                                      :ok
????  134: Registering broken request at ca                            :ok
????  135: Revoking certificate                                        :ok
????  136: Generating CRL                                              :ok
????  137: Displaying CRL                                              :failed
????  138: Verifying CRL OK                                            :ok
????  139: Verifying corrupted CRL                                     :ok
????  140: Verifying CA certificate                                    :ok
????  141: Verifying certificate                                       :ok
????  142: Verifying bad certificate                                   :ok
????  143: Verifying revoked certificate                               :ok
????  144: Create a PKCS#7 structure from a certificate and CRL        :ok
????  145: Creates a PKCS#7 structure without CRL                      :ok
????  146: Creating user request (gost2012_256:TCB)                    :ok
????  147: Registering cert at CA                                      :ok
????  148: Registering broken request at ca                            :ok
????  149: Revoking certificate                                        :ok
????  150: Generating CRL                                              :ok
????  151: Displaying CRL                                              :failed
????  152: Verifying CRL OK                                            :ok
????  153: Verifying corrupted CRL                                     :ok
????  154: Verifying CA certificate                                    :ok
????  155: Verifying certificate                                       :ok
????  156: Verifying bad certificate                                   :ok
????  157: Verifying revoked certificate                               :ok
????  158: Create a PKCS#7 structure from a certificate and CRL        :ok
????  159: Creates a PKCS#7 structure without CRL                      :ok
????  160: Creating user request (gost2012_512:B)                      :ok
????  161: Registering cert at CA                                      :ok
????  162: Registering broken request at ca                            :ok
????  163: Revoking certificate                                        :ok
????  164: Generating CRL                                              :ok
????  165: Displaying CRL                                              :failed
????  166: Verifying CRL OK                                            :ok
????  167: Verifying corrupted CRL                                     :ok
????  168: Verifying CA certificate                                    :ok
????  169: Verifying certificate                                       :ok
????  170: Verifying bad certificate                                   :ok
????  171: Verifying revoked certificate                               :ok
????  172: Create a PKCS#7 structure from a certificate and CRL        :ok
????  173: Creates a PKCS#7 structure without CRL                      :ok
????  174: Creating user request (gost2012_512:C)                      :ok
????  175: Registering cert at CA                                      :ok
????  176: Registering broken request at ca                            :ok
????  177: Revoking certificate                                        :ok
????  178: Generating CRL                                              :ok
????  179: Displaying CRL                                              :failed
????  180: Verifying CRL OK                                            :ok
????  181: Verifying corrupted CRL                                     :ok
????  182: Verifying CA certificate                                    :ok
????  183: Verifying certificate                                       :ok
????  184: Verifying bad certificate                                   :ok
????  185: Verifying revoked certificate                               :ok
????  186: Create a PKCS#7 structure from a certificate and CRL        :ok
????  187: Creates a PKCS#7 structure without CRL                      :ok
===================================================
????? 187 ??????. ????????? 174 ???????, 13 ?????????
?????? ????? ????????? ?????????? ? ca.log
=========== ?????? ??????: ????? ?? ??????? smime =================
????    1: Creating CA 2001                                            :ok
????    2: Creating CA 2012                                            :ok
????    3: Creating user with signing key gost2001:A                   :ok
????    4: Signing a message without cert by gost2001:A                :ok
????    5: Checking micalg param in signed without cert gost2001:A mess:ok
????    6: Extracting PKCS7 from signed without cert gost2001:A message:ok
????    7: Checking oids in pkcs7 struct                               :ok
????    8: Verifying a message signed with gost2001:A without ca       :ok
????    9: Verifying a message signed with gost2001:A with ca          :ok
????   10: Verifying corrupted messages signed with gost2001:A         :ok
????   11: Signing a message by gost2001:A with cert                   :ok
????   12: Checking micalg param in signed with cert gost2001:A message:ok
????   13: Verifying a message signed with gost2001:A having cert insid:ok
????   14: Verifying a message signed with gost2001:A having cert with :ok
????   15: Signing a message by gost2001:A with cert using opaque signi:ok
????   16: Verifying a message signed by gost2001:A having cert inside :ok
????   17: Verifying a gost2001:A opaque  message with ca              :ok
????   18: Verifying broken gost2001:A opaque message                  :ok
????   19: Creating detached gost2001:A signature                      :ok
????   20: Checking micalg param in detached gost2001:A signature      :ok
????   21: Extracting PKCS7 from signed gost2001:A message             :ok
????   22: Checking oids in pkcs7 struct                               :ok
????   23: Verifying detached gost2001:A signature                     :ok
????   24: Verifying corrupted gost2001:A detached signature           :ok
????   25: Creating user with signing key gost2001:B                   :ok
????   26: Signing a message without cert by gost2001:B                :ok
????   27: Checking micalg param in signed without cert gost2001:B mess:ok
????   28: Extracting PKCS7 from signed without cert gost2001:B message:ok
????   29: Checking oids in pkcs7 struct                               :ok
????   30: Verifying a message signed with gost2001:B without ca       :ok
????   31: Verifying a message signed with gost2001:B with ca          :ok
????   32: Verifying corrupted messages signed with gost2001:B         :ok
????   33: Signing a message by gost2001:B with cert                   :ok
????   34: Checking micalg param in signed with cert gost2001:B message:ok
????   35: Verifying a message signed with gost2001:B having cert insid:ok
????   36: Verifying a message signed with gost2001:B having cert with :ok
????   37: Signing a message by gost2001:B with cert using opaque signi:ok
????   38: Verifying a message signed by gost2001:B having cert inside :ok
????   39: Verifying a gost2001:B opaque  message with ca              :ok
????   40: Verifying broken gost2001:B opaque message                  :ok
????   41: Creating detached gost2001:B signature                      :ok
????   42: Checking micalg param in detached gost2001:B signature      :ok
????   43: Extracting PKCS7 from signed gost2001:B message             :ok
????   44: Checking oids in pkcs7 struct                               :ok
????   45: Verifying detached gost2001:B signature                     :ok
????   46: Verifying corrupted gost2001:B detached signature           :ok
????   47: Creating user with signing key gost2001:C                   :ok
????   48: Signing a message without cert by gost2001:C                :ok
????   49: Checking micalg param in signed without cert gost2001:C mess:ok
????   50: Extracting PKCS7 from signed without cert gost2001:C message:ok
????   51: Checking oids in pkcs7 struct                               :ok
????   52: Verifying a message signed with gost2001:C without ca       :ok
????   53: Verifying a message signed with gost2001:C with ca          :ok
????   54: Verifying corrupted messages signed with gost2001:C         :ok
????   55: Signing a message by gost2001:C with cert                   :ok
????   56: Checking micalg param in signed with cert gost2001:C message:ok
????   57: Verifying a message signed with gost2001:C having cert insid:ok
????   58: Verifying a message signed with gost2001:C having cert with :ok
????   59: Signing a message by gost2001:C with cert using opaque signi:ok
????   60: Verifying a message signed by gost2001:C having cert inside :ok
????   61: Verifying a gost2001:C opaque  message with ca              :ok
????   62: Verifying broken gost2001:C opaque message                  :ok
????   63: Creating detached gost2001:C signature                      :ok
????   64: Checking micalg param in detached gost2001:C signature      :ok
????   65: Extracting PKCS7 from signed gost2001:C message             :ok
????   66: Checking oids in pkcs7 struct                               :ok
????   67: Verifying detached gost2001:C signature                     :ok
????   68: Verifying corrupted gost2001:C detached signature           :ok
????   69: Creating user with signing key gost2012_256:A               :ok
????   70: Signing a message without cert by gost2012_256:A            :ok
????   71: Checking micalg param in signed without cert gost2012_256:A :ok
????   72: Extracting PKCS7 from signed without cert gost2012_256:A mes:ok
????   73: Checking oids in pkcs7 struct                               :ok
????   74: Verifying a message signed with gost2012_256:A without ca   :ok
????   75: Verifying a message signed with gost2012_256:A with ca      :ok
????   76: Verifying corrupted messages signed with gost2012_256:A     :ok
????   77: Signing a message by gost2012_256:A with cert               :ok
????   78: Checking micalg param in signed with cert gost2012_256:A mes:ok
????   79: Verifying a message signed with gost2012_256:A having cert i:ok
????   80: Verifying a message signed with gost2012_256:A having cert w:ok
????   81: Signing a message by gost2012_256:A with cert using opaque s:ok
????   82: Verifying a message signed by gost2012_256:A having cert ins:ok
????   83: Verifying a gost2012_256:A opaque  message with ca          :ok
????   84: Verifying broken gost2012_256:A opaque message              :ok
????   85: Creating detached gost2012_256:A signature                  :ok
????   86: Checking micalg param in detached gost2012_256:A signature  :ok
????   87: Extracting PKCS7 from signed gost2012_256:A message         :ok
????   88: Checking oids in pkcs7 struct                               :ok
????   89: Verifying detached gost2012_256:A signature                 :ok
????   90: Verifying corrupted gost2012_256:A detached signature       :ok
????   91: Creating user with signing key gost2012_256:B               :ok
????   92: Signing a message without cert by gost2012_256:B            :ok
????   93: Checking micalg param in signed without cert gost2012_256:B :ok
????   94: Extracting PKCS7 from signed without cert gost2012_256:B mes:ok
????   95: Checking oids in pkcs7 struct                               :ok
????   96: Verifying a message signed with gost2012_256:B without ca   :ok
????   97: Verifying a message signed with gost2012_256:B with ca      :ok
????   98: Verifying corrupted messages signed with gost2012_256:B     :ok
????   99: Signing a message by gost2012_256:B with cert               :ok
????  100: Checking micalg param in signed with cert gost2012_256:B mes:ok
????  101: Verifying a message signed with gost2012_256:B having cert i:ok
????  102: Verifying a message signed with gost2012_256:B having cert w:ok
????  103: Signing a message by gost2012_256:B with cert using opaque s:ok
????  104: Verifying a message signed by gost2012_256:B having cert ins:ok
????  105: Verifying a gost2012_256:B opaque  message with ca          :ok
????  106: Verifying broken gost2012_256:B opaque message              :ok
????  107: Creating detached gost2012_256:B signature                  :ok
????  108: Checking micalg param in detached gost2012_256:B signature  :ok
????  109: Extracting PKCS7 from signed gost2012_256:B message         :ok
????  110: Checking oids in pkcs7 struct                               :ok
????  111: Verifying detached gost2012_256:B signature                 :ok
????  112: Verifying corrupted gost2012_256:B detached signature       :ok
????  113: Creating user with signing key gost2012_256:C               :ok
????  114: Signing a message without cert by gost2012_256:C            :ok
????  115: Checking micalg param in signed without cert gost2012_256:C :ok
????  116: Extracting PKCS7 from signed without cert gost2012_256:C mes:ok
????  117: Checking oids in pkcs7 struct                               :ok
????  118: Verifying a message signed with gost2012_256:C without ca   :ok
????  119: Verifying a message signed with gost2012_256:C with ca      :ok
????  120: Verifying corrupted messages signed with gost2012_256:C     :ok
????  121: Signing a message by gost2012_256:C with cert               :ok
????  122: Checking micalg param in signed with cert gost2012_256:C mes:ok
????  123: Verifying a message signed with gost2012_256:C having cert i:ok
????  124: Verifying a message signed with gost2012_256:C having cert w:ok
????  125: Signing a message by gost2012_256:C with cert using opaque s:ok
????  126: Verifying a message signed by gost2012_256:C having cert ins:ok
????  127: Verifying a gost2012_256:C opaque  message with ca          :ok
????  128: Verifying broken gost2012_256:C opaque message              :ok
????  129: Creating detached gost2012_256:C signature                  :ok
????  130: Checking micalg param in detached gost2012_256:C signature  :ok
????  131: Extracting PKCS7 from signed gost2012_256:C message         :ok
????  132: Checking oids in pkcs7 struct                               :ok
????  133: Verifying detached gost2012_256:C signature                 :ok
????  134: Verifying corrupted gost2012_256:C detached signature       :ok
????  135: Creating user with signing key gost2012_512:A               :ok
????  136: Signing a message without cert by gost2012_512:A            :ok
????  137: Checking micalg param in signed without cert gost2012_512:A :ok
????  138: Extracting PKCS7 from signed without cert gost2012_512:A mes:ok
????  139: Checking oids in pkcs7 struct                               :ok
????  140: Verifying a message signed with gost2012_512:A without ca   :ok
????  141: Verifying a message signed with gost2012_512:A with ca      :ok
????  142: Verifying corrupted messages signed with gost2012_512:A     :ok
????  143: Signing a message by gost2012_512:A with cert               :ok
????  144: Checking micalg param in signed with cert gost2012_512:A mes:ok
????  145: Verifying a message signed with gost2012_512:A having cert i:ok
????  146: Verifying a message signed with gost2012_512:A having cert w:ok
????  147: Signing a message by gost2012_512:A with cert using opaque s:ok
????  148: Verifying a message signed by gost2012_512:A having cert ins:ok
????  149: Verifying a gost2012_512:A opaque  message with ca          :ok
????  150: Verifying broken gost2012_512:A opaque message              :ok
????  151: Creating detached gost2012_512:A signature                  :ok
????  152: Checking micalg param in detached gost2012_512:A signature  :ok
????  153: Extracting PKCS7 from signed gost2012_512:A message         :ok
????  154: Checking oids in pkcs7 struct                               :ok
????  155: Verifying detached gost2012_512:A signature                 :ok
????  156: Verifying corrupted gost2012_512:A detached signature       :ok
????  157: Creating user with signing key gost2012_512:B               :ok
????  158: Signing a message without cert by gost2012_512:B            :ok
????  159: Checking micalg param in signed without cert gost2012_512:B :ok
????  160: Extracting PKCS7 from signed without cert gost2012_512:B mes:ok
????  161: Checking oids in pkcs7 struct                               :ok
????  162: Verifying a message signed with gost2012_512:B without ca   :ok
????  163: Verifying a message signed with gost2012_512:B with ca      :ok
????  164: Verifying corrupted messages signed with gost2012_512:B     :ok
????  165: Signing a message by gost2012_512:B with cert               :ok
????  166: Checking micalg param in signed with cert gost2012_512:B mes:ok
????  167: Verifying a message signed with gost2012_512:B having cert i:ok
????  168: Verifying a message signed with gost2012_512:B having cert w:ok
????  169: Signing a message by gost2012_512:B with cert using opaque s:ok
????  170: Verifying a message signed by gost2012_512:B having cert ins:ok
????  171: Verifying a gost2012_512:B opaque  message with ca          :ok
????  172: Verifying broken gost2012_512:B opaque message              :ok
????  173: Creating detached gost2012_512:B signature                  :ok
????  174: Checking micalg param in detached gost2012_512:B signature  :ok
????  175: Extracting PKCS7 from signed gost2012_512:B message         :ok
????  176: Checking oids in pkcs7 struct                               :ok
????  177: Verifying detached gost2012_512:B signature                 :ok
????  178: Verifying corrupted gost2012_512:B detached signature       :ok
===================================================
????? 178 ??????. ????????? 178 ???????, 0 ?????????
=========== ?????? ??????: ????? ?? ??????? smime - ?????? ??????? =================
????    1: Creating CA                                                 :ok
????    2: Creating users 256                                          :ok
????    3: Signing in DER format with 1st signature                    :ok
????    4: Signing in DER format with 2nd signature                    :ok
????    5: Verifying signature                                         :ok
????    6: Signed data is extracted correctly                          :ok
????    7: Extracting signer certificates                              :ok
????    8: Signing opaque in S/MIME format with 1st signature          :ok
????    9: Signing opaque in S/MIME format with 2nd signature          :ok
????   10: Verifying opaque signature                                  :ok
????   11: Signed data is extracted correctly                          :ok
????   12: Extracting signer certificates                              :ok
????   13: Signing detached in DER format with 1st signature           :ok
????   14: Signing detached in DER format with 2nd signature           :ok
????   15: Verifying detached signature in DER format                  :ok
????   16: Signed data is extracted correctly                          :ok
????   17: Extracting signer certificates                              :ok
????   18: Signing in S/MIME format with 1st signature                 :ok
????   19: Signing in S/MIME format with 2nd signature                 :ok
????   20: Verifying signature                                         :ok
????   21: Signed data is extracted correctly                          :ok
????   22: Extracting signer certificates                              :ok
????   23: Creating users 512                                          :ok
????   24: Signing in DER format with 1st signature                    :ok
????   25: Signing in DER format with 2nd signature                    :ok
????   26: Verifying signature                                         :ok
????   27: Signed data is extracted correctly                          :ok
????   28: Extracting signer certificates                              :ok
????   29: Signing opaque in S/MIME format with 1st signature          :ok
????   30: Signing opaque in S/MIME format with 2nd signature          :ok
????   31: Verifying opaque signature                                  :ok
????   32: Signed data is extracted correctly                          :ok
????   33: Extracting signer certificates                              :ok
????   34: Signing detached in DER format with 1st signature           :ok
????   35: Signing detached in DER format with 2nd signature           :ok
????   36: Verifying detached signature in DER format                  :ok
????   37: Signed data is extracted correctly                          :ok
????   38: Extracting signer certificates                              :ok
????   39: Signing in S/MIME format with 1st signature                 :ok
????   40: Signing in S/MIME format with 2nd signature                 :ok
????   41: Verifying signature                                         :ok
????   42: Signed data is extracted correctly                          :ok
????   43: Extracting signer certificates                              :ok
????   44: Resigning in DER format with a unsuitable key length 512    :ok
????   45: Resigning in DER format with a unsuitable key length 256    :ok
????   46: Resigning opaque in S/MIME format with a unsuitable key leng:ok
????   47: Resigning opaque in S/MIME format with a unsuitable key leng:ok
????   48: Resigning detached in DER format with a unsuitable key lengt:ok
????   49: Resigning detached in DER format with a unsuitable key lengt:ok
????   50: Resigning in S/MIME format with a unsuitable key length 512 :ok
????   51: Resigning in S/MIME format with a unsuitable key length 256 :ok
===================================================
????? 51 ??????. ????????? 51 ???????, 0 ?????????
=========== ?????? ??????: ????? ?? smime -encrypt =================
????    1: Creating RSA CA                                             :ok
????    2: Make registered user U_enc_rsa_1                            :ok
????    3: Make registered user U_enc_rsa_2                            :ok
????    4: RSA User 1 encrypts message for RSA user 2                  :ok
????    5: RSA User 1 cannot decrypt message for RSA user 2            :ok
????    6: RSA User 2 (with cert) can decrypt message for RSA user 2   :ok
????    7: RSA User 2 (without cert) can decrypt message for RSA user 2:ok
????    8: Creating CA 2001                                            :ok
????    9: Creating CA 2012                                            :ok
????   10: Creating user U_enc_gost2001_XA_1.2.643.2.2.31.3 with key go:ok
????   11: Encrypting for U_enc_gost2001_XA_1.2.643.2.2.31.3           :ok
????   12: Extracting PKCS7 from encrypted structure for U_enc_gost2001:ok
????   13: Checking oids in pkcs7 structure for U_enc_gost2001_XA_1.2.6:ok
????   14: Decrypting file encrypted for U_enc_gost2001_XA_1.2.643.2.2.:ok
????   15: Encrypting for U_enc_gost2001_XA_1.2.643.2.2.31.3 - text for:ok
????   16: Decrypting file text-encrypted for U_enc_gost2001_XA_1.2.643:ok
????   17: Decrypting file text-encrypted for U_enc_gost2001_XA_1.2.643:ok
????   18: Creating user U_enc_gost2001_XB_1.2.643.2.2.31.4 with key go:ok
????   19: Encrypting for U_enc_gost2001_XB_1.2.643.2.2.31.4           :ok
????   20: Extracting PKCS7 from encrypted structure for U_enc_gost2001:ok
????   21: Checking oids in pkcs7 structure for U_enc_gost2001_XB_1.2.6:ok
????   22: Decrypting file encrypted for U_enc_gost2001_XB_1.2.643.2.2.:ok
????   23: Encrypting for U_enc_gost2001_XB_1.2.643.2.2.31.4 - text for:ok
????   24: Decrypting file text-encrypted for U_enc_gost2001_XB_1.2.643:ok
????   25: Decrypting file text-encrypted for U_enc_gost2001_XB_1.2.643:ok
????   26: Creating user U_enc_gost2012_256_XA_1.2.643.2.2.31.1 with ke:ok
????   27: Encrypting for U_enc_gost2012_256_XA_1.2.643.2.2.31.1       :ok
????   28: Extracting PKCS7 from encrypted structure for U_enc_gost2012:ok
????   29: Checking oids in pkcs7 structure for U_enc_gost2012_256_XA_1:ok
????   30: Decrypting file encrypted for U_enc_gost2012_256_XA_1.2.643.:ok
????   31: Encrypting for U_enc_gost2012_256_XA_1.2.643.2.2.31.1 - text:ok
????   32: Decrypting file text-encrypted for U_enc_gost2012_256_XA_1.2:ok
????   33: Decrypting file text-encrypted for U_enc_gost2012_256_XA_1.2:ok
????   34: Creating user U_enc_gost2012_256_XB_1.2.643.7.1.2.5.1.1 with:ok
????   35: Encrypting for U_enc_gost2012_256_XB_1.2.643.7.1.2.5.1.1    :ok
????   36: Extracting PKCS7 from encrypted structure for U_enc_gost2012:ok
????   37: Checking oids in pkcs7 structure for U_enc_gost2012_256_XB_1:ok
????   38: Decrypting file encrypted for U_enc_gost2012_256_XB_1.2.643.:ok
????   39: Encrypting for U_enc_gost2012_256_XB_1.2.643.7.1.2.5.1.1 - t:ok
????   40: Decrypting file text-encrypted for U_enc_gost2012_256_XB_1.2:ok
????   41: Decrypting file text-encrypted for U_enc_gost2012_256_XB_1.2:ok
????   42: Creating user U_enc_gost2012_512_A_1.2.643.2.2.31.3 with key:ok
????   43: Encrypting for U_enc_gost2012_512_A_1.2.643.2.2.31.3        :ok
????   44: Extracting PKCS7 from encrypted structure for U_enc_gost2012:ok
????   45: Checking oids in pkcs7 structure for U_enc_gost2012_512_A_1.:ok
????   46: Decrypting file encrypted for U_enc_gost2012_512_A_1.2.643.2:ok
????   47: Encrypting for U_enc_gost2012_512_A_1.2.643.2.2.31.3 - text :ok
????   48: Decrypting file text-encrypted for U_enc_gost2012_512_A_1.2.:ok
????   49: Decrypting file text-encrypted for U_enc_gost2012_512_A_1.2.:ok
????   50: Creating user U_enc_gost2012_512_B_1.2.643.7.1.2.5.1.1 with :ok
????   51: Encrypting for U_enc_gost2012_512_B_1.2.643.7.1.2.5.1.1     :ok
????   52: Extracting PKCS7 from encrypted structure for U_enc_gost2012:ok
????   53: Checking oids in pkcs7 structure for U_enc_gost2012_512_B_1.:ok
????   54: Decrypting file encrypted for U_enc_gost2012_512_B_1.2.643.7:ok
????   55: Encrypting for U_enc_gost2012_512_B_1.2.643.7.1.2.5.1.1 - te:ok
????   56: Decrypting file text-encrypted for U_enc_gost2012_512_B_1.2.:ok
????   57: Decrypting file text-encrypted for U_enc_gost2012_512_B_1.2.:ok
????   58: Encrypt for all                                             :ok
????   59: Decrypting gost-encrypted file, recipient gost2001_XA_1.2.64:ok
????   60: Decrypting gost-encrypted file without cert, recipient gost2:ok
????   61: Decrypting gost-encrypted file, recipient gost2001_XB_1.2.64:ok
????   62: Decrypting gost-encrypted file without cert, recipient gost2:ok
????   63: Decrypting gost-encrypted file, recipient gost2012_256_XA_1.:ok
????   64: Decrypting gost-encrypted file without cert, recipient gost2:ok
????   65: Decrypting gost-encrypted file, recipient gost2012_256_XB_1.:ok
????   66: Decrypting gost-encrypted file without cert, recipient gost2:ok
????   67: Decrypting gost-encrypted file, recipient gost2012_512_A_1.2:ok
????   68: Decrypting gost-encrypted file without cert, recipient gost2:ok
????   69: Decrypting gost-encrypted file, recipient gost2012_512_B_1.2:ok
????   70: Decrypting gost-encrypted file without cert, recipient gost2:ok
===================================================
????? 70 ??????. ????????? 70 ???????, 0 ?????????
=========== ?????? ??????: ????? ?? ??????? cms =================
????    1: Creating CA 2001                                            :ok
????    2: Creating CA 2012                                            :ok
????    3: Creating user with signing key gost2001:A                   :ok
????    4: Signing a message without cert by gost2001:A                :ok
????    5: Checking micalg param in signed without cert gost2001:A mess:ok
????    6: Extracting CMS from signed without cert gost2001:A message  :ok
????    7: Checking oids in cms struct                                 :ok
????    8: Verifying a message signed with gost2001:A without ca       :ok
????    9: Verifying a message signed with gost2001:A with ca          :ok
????   10: Verifying corrupted messages signed with gost2001:A         :ok
????   11: Signing a message by gost2001:A with cert                   :ok
????   12: Checking micalg param in signed with cert gost2001:A message:ok
????   13: Verifying a message signed with gost2001:A having cert insid:ok
????   14: Verifying a message signed with gost2001:A having cert with :ok
????   15: Signing a message by gost2001:A with cert using opaque signi:ok
????   16: Verifying a message signed by gost2001:A having cert inside :ok
????   17: Verifying a gost2001:A opaque  message with ca              :ok
????   18: Verifying broken gost2001:A opaque message                  :ok
????   19: Creating detached gost2001:A signature                      :ok
????   20: Checking micalg param in detached gost2001:A signature      :ok
????   21: Extracting CMS from signed gost2001:A message               :ok
????   22: Checking oids in cms struct                                 :ok
????   23: Verifying detached gost2001:A cms_signature                 :ok
????   24: Verifying corrupted gost2001:A detached cms_signature       :ok
????   25: Creating user with signing key gost2001:B                   :ok
????   26: Signing a message without cert by gost2001:B                :ok
????   27: Checking micalg param in signed without cert gost2001:B mess:ok
????   28: Extracting CMS from signed without cert gost2001:B message  :ok
????   29: Checking oids in cms struct                                 :ok
????   30: Verifying a message signed with gost2001:B without ca       :ok
????   31: Verifying a message signed with gost2001:B with ca          :ok
????   32: Verifying corrupted messages signed with gost2001:B         :ok
????   33: Signing a message by gost2001:B with cert                   :ok
????   34: Checking micalg param in signed with cert gost2001:B message:ok
????   35: Verifying a message signed with gost2001:B having cert insid:ok
????   36: Verifying a message signed with gost2001:B having cert with :ok
????   37: Signing a message by gost2001:B with cert using opaque signi:ok
????   38: Verifying a message signed by gost2001:B having cert inside :ok
????   39: Verifying a gost2001:B opaque  message with ca              :ok
????   40: Verifying broken gost2001:B opaque message                  :ok
????   41: Creating detached gost2001:B signature                      :ok
????   42: Checking micalg param in detached gost2001:B signature      :ok
????   43: Extracting CMS from signed gost2001:B message               :ok
????   44: Checking oids in cms struct                                 :ok
????   45: Verifying detached gost2001:B cms_signature                 :ok
????   46: Verifying corrupted gost2001:B detached cms_signature       :ok
????   47: Creating user with signing key gost2001:C                   :ok
????   48: Signing a message without cert by gost2001:C                :ok
????   49: Checking micalg param in signed without cert gost2001:C mess:ok
????   50: Extracting CMS from signed without cert gost2001:C message  :ok
????   51: Checking oids in cms struct                                 :ok
????   52: Verifying a message signed with gost2001:C without ca       :ok
????   53: Verifying a message signed with gost2001:C with ca          :ok
????   54: Verifying corrupted messages signed with gost2001:C         :ok
????   55: Signing a message by gost2001:C with cert                   :ok
????   56: Checking micalg param in signed with cert gost2001:C message:ok
????   57: Verifying a message signed with gost2001:C having cert insid:ok
????   58: Verifying a message signed with gost2001:C having cert with :ok
????   59: Signing a message by gost2001:C with cert using opaque signi:ok
????   60: Verifying a message signed by gost2001:C having cert inside :ok
????   61: Verifying a gost2001:C opaque  message with ca              :ok
????   62: Verifying broken gost2001:C opaque message                  :ok
????   63: Creating detached gost2001:C signature                      :ok
????   64: Checking micalg param in detached gost2001:C signature      :ok
????   65: Extracting CMS from signed gost2001:C message               :ok
????   66: Checking oids in cms struct                                 :ok
????   67: Verifying detached gost2001:C cms_signature                 :ok
????   68: Verifying corrupted gost2001:C detached cms_signature       :ok
????   69: Creating user with signing key gost2012_256:A               :ok
????   70: Signing a message without cert by gost2012_256:A            :ok
????   71: Checking micalg param in signed without cert gost2012_256:A :ok
????   72: Extracting CMS from signed without cert gost2012_256:A messa:ok
????   73: Checking oids in cms struct                                 :ok
????   74: Verifying a message signed with gost2012_256:A without ca   :ok
????   75: Verifying a message signed with gost2012_256:A with ca      :ok
????   76: Verifying corrupted messages signed with gost2012_256:A     :ok
????   77: Signing a message by gost2012_256:A with cert               :ok
????   78: Checking micalg param in signed with cert gost2012_256:A mes:ok
????   79: Verifying a message signed with gost2012_256:A having cert i:ok
????   80: Verifying a message signed with gost2012_256:A having cert w:ok
????   81: Signing a message by gost2012_256:A with cert using opaque s:ok
????   82: Verifying a message signed by gost2012_256:A having cert ins:ok
????   83: Verifying a gost2012_256:A opaque  message with ca          :ok
????   84: Verifying broken gost2012_256:A opaque message              :ok
????   85: Creating detached gost2012_256:A signature                  :ok
????   86: Checking micalg param in detached gost2012_256:A signature  :ok
????   87: Extracting CMS from signed gost2012_256:A message           :ok
????   88: Checking oids in cms struct                                 :ok
????   89: Verifying detached gost2012_256:A cms_signature             :ok
????   90: Verifying corrupted gost2012_256:A detached cms_signature   :ok
????   91: Creating user with signing key gost2012_256:B               :ok
????   92: Signing a message without cert by gost2012_256:B            :ok
????   93: Checking micalg param in signed without cert gost2012_256:B :ok
????   94: Extracting CMS from signed without cert gost2012_256:B messa:ok
????   95: Checking oids in cms struct                                 :ok
????   96: Verifying a message signed with gost2012_256:B without ca   :ok
????   97: Verifying a message signed with gost2012_256:B with ca      :ok
????   98: Verifying corrupted messages signed with gost2012_256:B     :ok
????   99: Signing a message by gost2012_256:B with cert               :ok
????  100: Checking micalg param in signed with cert gost2012_256:B mes:ok
????  101: Verifying a message signed with gost2012_256:B having cert i:ok
????  102: Verifying a message signed with gost2012_256:B having cert w:ok
????  103: Signing a message by gost2012_256:B with cert using opaque s:ok
????  104: Verifying a message signed by gost2012_256:B having cert ins:ok
????  105: Verifying a gost2012_256:B opaque  message with ca          :ok
????  106: Verifying broken gost2012_256:B opaque message              :ok
????  107: Creating detached gost2012_256:B signature                  :ok
????  108: Checking micalg param in detached gost2012_256:B signature  :ok
????  109: Extracting CMS from signed gost2012_256:B message           :ok
????  110: Checking oids in cms struct                                 :ok
????  111: Verifying detached gost2012_256:B cms_signature             :ok
????  112: Verifying corrupted gost2012_256:B detached cms_signature   :ok
????  113: Creating user with signing key gost2012_256:C               :ok
????  114: Signing a message without cert by gost2012_256:C            :ok
????  115: Checking micalg param in signed without cert gost2012_256:C :ok
????  116: Extracting CMS from signed without cert gost2012_256:C messa:ok
????  117: Checking oids in cms struct                                 :ok
????  118: Verifying a message signed with gost2012_256:C without ca   :ok
????  119: Verifying a message signed with gost2012_256:C with ca      :ok
????  120: Verifying corrupted messages signed with gost2012_256:C     :ok
????  121: Signing a message by gost2012_256:C with cert               :ok
????  122: Checking micalg param in signed with cert gost2012_256:C mes:ok
????  123: Verifying a message signed with gost2012_256:C having cert i:ok
????  124: Verifying a message signed with gost2012_256:C having cert w:ok
????  125: Signing a message by gost2012_256:C with cert using opaque s:ok
????  126: Verifying a message signed by gost2012_256:C having cert ins:ok
????  127: Verifying a gost2012_256:C opaque  message with ca          :ok
????  128: Verifying broken gost2012_256:C opaque message              :ok
????  129: Creating detached gost2012_256:C signature                  :ok
????  130: Checking micalg param in detached gost2012_256:C signature  :ok
????  131: Extracting CMS from signed gost2012_256:C message           :ok
????  132: Checking oids in cms struct                                 :ok
????  133: Verifying detached gost2012_256:C cms_signature             :ok
????  134: Verifying corrupted gost2012_256:C detached cms_signature   :ok
????  135: Creating user with signing key gost2012_512:A               :ok
????  136: Signing a message without cert by gost2012_512:A            :ok
????  137: Checking micalg param in signed without cert gost2012_512:A :ok
????  138: Extracting CMS from signed without cert gost2012_512:A messa:ok
????  139: Checking oids in cms struct                                 :ok
????  140: Verifying a message signed with gost2012_512:A without ca   :ok
????  141: Verifying a message signed with gost2012_512:A with ca      :ok
????  142: Verifying corrupted messages signed with gost2012_512:A     :ok
????  143: Signing a message by gost2012_512:A with cert               :ok
????  144: Checking micalg param in signed with cert gost2012_512:A mes:ok
????  145: Verifying a message signed with gost2012_512:A having cert i:ok
????  146: Verifying a message signed with gost2012_512:A having cert w:ok
????  147: Signing a message by gost2012_512:A with cert using opaque s:ok
????  148: Verifying a message signed by gost2012_512:A having cert ins:ok
????  149: Verifying a gost2012_512:A opaque  message with ca          :ok
????  150: Verifying broken gost2012_512:A opaque message              :ok
????  151: Creating detached gost2012_512:A signature                  :ok
????  152: Checking micalg param in detached gost2012_512:A signature  :ok
????  153: Extracting CMS from signed gost2012_512:A message           :ok
????  154: Checking oids in cms struct                                 :ok
????  155: Verifying detached gost2012_512:A cms_signature             :ok
????  156: Verifying corrupted gost2012_512:A detached cms_signature   :ok
????  157: Creating user with signing key gost2012_512:B               :ok
????  158: Signing a message without cert by gost2012_512:B            :ok
????  159: Checking micalg param in signed without cert gost2012_512:B :ok
????  160: Extracting CMS from signed without cert gost2012_512:B messa:ok
????  161: Checking oids in cms struct                                 :ok
????  162: Verifying a message signed with gost2012_512:B without ca   :ok
????  163: Verifying a message signed with gost2012_512:B with ca      :ok
????  164: Verifying corrupted messages signed with gost2012_512:B     :ok
????  165: Signing a message by gost2012_512:B with cert               :ok
????  166: Checking micalg param in signed with cert gost2012_512:B mes:ok
????  167: Verifying a message signed with gost2012_512:B having cert i:ok
????  168: Verifying a message signed with gost2012_512:B having cert w:ok
????  169: Signing a message by gost2012_512:B with cert using opaque s:ok
????  170: Verifying a message signed by gost2012_512:B having cert ins:ok
????  171: Verifying a gost2012_512:B opaque  message with ca          :ok
????  172: Verifying broken gost2012_512:B opaque message              :ok
????  173: Creating detached gost2012_512:B signature                  :ok
????  174: Checking micalg param in detached gost2012_512:B signature  :ok
????  175: Extracting CMS from signed gost2012_512:B message           :ok
????  176: Checking oids in cms struct                                 :ok
????  177: Verifying detached gost2012_512:B cms_signature             :ok
????  178: Verifying corrupted gost2012_512:B detached cms_signature   :ok
===================================================
????? 178 ??????. ????????? 178 ???????, 0 ?????????
=========== ?????? ??????: ????? ?? ??????? cms - ?????? ??????? =================
????    1: Creating CA                                                 :ok
????    2: Creating users 256                                          :ok
????    3: Signing in DER format with 1st signature                    :ok
????    4: Signing in DER format with 2nd signature                    :ok
????    5: Verifying signature in DER format                           :ok
????    6: Signed data is extracted correctly                          :ok
????    7: Extracting signer certificates                              :ok
????    8: Signing opaque in S/MIME format with 1st signature          :ok
????    9: Signing opaque in S/MIME format with 2nd signature          :ok
????   10: Verifying opaque signature in S/MIME format                 :ok
????   11: Signed data is extracted correctly                          :ok
????   12: Extracting signer certificates                              :ok
????   13: Signing detached in DER format with 1st signature           :ok
????   14: Signing detached in DER format with 2nd signature           :ok
????   15: Verifying detached signature in DER format                  :ok
????   16: Signed data is extracted correctly                          :ok
????   17: Extracting signer certificates                              :ok
????   18: Signing in S/MIME format with 1st signature                 :ok
????   19: Signing in S/MIME format with 2nd signature                 :ok
????   20: Verifying signature in S/MIME format                        :ok
????   21: Signed data is extracted correctly                          :ok
????   22: Extracting signer certificates                              :ok
????   23: Creating users 512                                          :ok
????   24: Signing in DER format with 1st signature                    :ok
????   25: Signing in DER format with 2nd signature                    :ok
????   26: Verifying signature in DER format                           :ok
????   27: Signed data is extracted correctly                          :ok
????   28: Extracting signer certificates                              :ok
????   29: Signing opaque in S/MIME format with 1st signature          :ok
????   30: Signing opaque in S/MIME format with 2nd signature          :ok
????   31: Verifying opaque signature in S/MIME format                 :ok
????   32: Signed data is extracted correctly                          :ok
????   33: Extracting signer certificates                              :ok
????   34: Signing detached in DER format with 1st signature           :ok
????   35: Signing detached in DER format with 2nd signature           :ok
????   36: Verifying detached signature in DER format                  :ok
????   37: Signed data is extracted correctly                          :ok
????   38: Extracting signer certificates                              :ok
????   39: Signing in S/MIME format with 1st signature                 :ok
????   40: Signing in S/MIME format with 2nd signature                 :ok
????   41: Verifying signature in S/MIME format                        :ok
????   42: Signed data is extracted correctly                          :ok
????   43: Extracting signer certificates                              :ok
????   44: Resigning in DER format with a unsuitable key length 512    :ok
????   45: Resigning in DER format with a unsuitable key length 256    :ok
????   46: Resigning opaque in S/MIME format with a unsuitable key leng:ok
????   47: Resigning opaque in S/MIME format with a unsuitable key leng:ok
????   48: Resigning detached in DER format with a unsuitable key lengt:ok
????   49: Resigning detached in DER format with a unsuitable key lengt:ok
????   50: Resigning in S/MIME format with a unsuitable key length 512 :ok
????   51: Resigning in S/MIME format with a unsuitable key length 256 :ok
===================================================
????? 51 ??????. ????????? 51 ???????, 0 ?????????
=========== ?????? ??????: CMS tests, TC26 examples =================
????    1: Signed data, 512 bits, signed attributes                    :ok
????    2: Signed data, 256 bits, no signed attributes                 :ok
????    3: Digested data, 256 bits                                     :ok
????    4: Digested data, 512 bits                                     :ok
????    5: CMS decrypt, Kuznyechik ACPKM+OMAC, KeyAgreement            :failed
????    6: CMS decrypt, Magma ACPKM, KeyAgreement                      :failed
????    7: CMS decrypt, Kuznyechik ACPKM, KeyTrans                     :failed
????    8: CMS decrypt, Magma ACPKM+OMAC, KeyTrans                     :failed
===================================================
????? 8 ??????. ????????? 4 ???????, 4 ?????????
?????? ????? ????????? ?????????? ? cmstc262019.log
=========== ?????? ??????: ????? ?? cms -encrypt =================
????    1: Creating RSA CA                                             :ok
????    2: Make registered user U_cms_enc_rsa_1                        :ok
????    3: Make registered user U_cms_enc_rsa_2                        :ok
????    4: RSA User 1 encrypts message for RSA user 2                  :ok
????    5: RSA User 1 cannot decrypt message for RSA user 2            :ok
????    6: RSA User 2 (with cert) can decrypt message for RSA user 2   :ok
????    7: RSA User 2 (without cert) can decrypt message for RSA user 2:ok
????    8: Creating CA 2001                                            :ok
????    9: Creating CA 2012                                            :ok
????   10: Creating user U_cms_enc_gost2001_XA_1.2.643.2.2.31.3 with ke:ok
????   11: Encrypting for U_cms_enc_gost2001_XA_1.2.643.2.2.31.3       :ok
????   12: Extracting CMS from encrypted structure for U_cms_enc_gost20:ok
????   13: Checking oids in pkcs7 structure for U_cms_enc_gost2001_XA_1:ok
????   14: Decrypting file encrypted for U_cms_enc_gost2001_XA_1.2.643.:ok
????   15: Encrypting for U_cms_enc_gost2001_XA_1.2.643.2.2.31.3 - text:ok
????   16: Decrypting file text-encrypted for U_cms_enc_gost2001_XA_1.2:ok
????   17: Decrypting file text-encrypted for U_cms_enc_gost2001_XA_1.2:ok
????   18: Creating user U_cms_enc_gost2001_XB_1.2.643.2.2.31.4 with ke:ok
????   19: Encrypting for U_cms_enc_gost2001_XB_1.2.643.2.2.31.4       :ok
????   20: Extracting CMS from encrypted structure for U_cms_enc_gost20:ok
????   21: Checking oids in pkcs7 structure for U_cms_enc_gost2001_XB_1:ok
????   22: Decrypting file encrypted for U_cms_enc_gost2001_XB_1.2.643.:ok
????   23: Encrypting for U_cms_enc_gost2001_XB_1.2.643.2.2.31.4 - text:ok
????   24: Decrypting file text-encrypted for U_cms_enc_gost2001_XB_1.2:ok
????   25: Decrypting file text-encrypted for U_cms_enc_gost2001_XB_1.2:ok
????   26: Creating user U_cms_enc_gost2001_XA_ with key gost2001:XA   :ok
????   27: Encrypting for U_cms_enc_gost2001_XA_                       :ok
????   28: Extracting CMS from encrypted structure for U_cms_enc_gost20:ok
????   29: Checking oids in pkcs7 structure for U_cms_enc_gost2001_XA_ :ok
????   30: Decrypting file encrypted for U_cms_enc_gost2001_XA_        :ok
????   31: Encrypting for U_cms_enc_gost2001_XA_ - text format         :ok
????   32: Decrypting file text-encrypted for U_cms_enc_gost2001_XA_   :ok
????   33: Decrypting file text-encrypted for U_cms_enc_gost2001_XA_ wi:ok
????   34: Creating user U_cms_enc_gost2012_256_XA_1.2.643.2.2.31.1 wit:ok
????   35: Encrypting for U_cms_enc_gost2012_256_XA_1.2.643.2.2.31.1   :ok
????   36: Extracting CMS from encrypted structure for U_cms_enc_gost20:ok
????   37: Checking oids in pkcs7 structure for U_cms_enc_gost2012_256_:ok
????   38: Decrypting file encrypted for U_cms_enc_gost2012_256_XA_1.2.:ok
????   39: Encrypting for U_cms_enc_gost2012_256_XA_1.2.643.2.2.31.1 - :ok
????   40: Decrypting file text-encrypted for U_cms_enc_gost2012_256_XA:ok
????   41: Decrypting file text-encrypted for U_cms_enc_gost2012_256_XA:ok
????   42: Creating user U_cms_enc_gost2012_256_XB_1.2.643.7.1.2.5.1.1 :ok
????   43: Encrypting for U_cms_enc_gost2012_256_XB_1.2.643.7.1.2.5.1.1:ok
????   44: Extracting CMS from encrypted structure for U_cms_enc_gost20:ok
????   45: Checking oids in pkcs7 structure for U_cms_enc_gost2012_256_:ok
????   46: Decrypting file encrypted for U_cms_enc_gost2012_256_XB_1.2.:ok
????   47: Encrypting for U_cms_enc_gost2012_256_XB_1.2.643.7.1.2.5.1.1:ok
????   48: Decrypting file text-encrypted for U_cms_enc_gost2012_256_XB:ok
????   49: Decrypting file text-encrypted for U_cms_enc_gost2012_256_XB:ok
????   50: Creating user U_cms_enc_gost2012_256_XA_ with key gost2012_2:ok
????   51: Encrypting for U_cms_enc_gost2012_256_XA_                   :ok
????   52: Extracting CMS from encrypted structure for U_cms_enc_gost20:ok
????   53: Checking oids in pkcs7 structure for U_cms_enc_gost2012_256_:ok
????   54: Decrypting file encrypted for U_cms_enc_gost2012_256_XA_    :ok
????   55: Encrypting for U_cms_enc_gost2012_256_XA_ - text format     :ok
????   56: Decrypting file text-encrypted for U_cms_enc_gost2012_256_XA:ok
????   57: Decrypting file text-encrypted for U_cms_enc_gost2012_256_XA:ok
????   58: Creating user U_cms_enc_gost2012_512_A_1.2.643.2.2.31.3 with:ok
????   59: Encrypting for U_cms_enc_gost2012_512_A_1.2.643.2.2.31.3    :ok
????   60: Extracting CMS from encrypted structure for U_cms_enc_gost20:ok
????   61: Checking oids in pkcs7 structure for U_cms_enc_gost2012_512_:ok
????   62: Decrypting file encrypted for U_cms_enc_gost2012_512_A_1.2.6:ok
????   63: Encrypting for U_cms_enc_gost2012_512_A_1.2.643.2.2.31.3 - t:ok
????   64: Decrypting file text-encrypted for U_cms_enc_gost2012_512_A_:ok
????   65: Decrypting file text-encrypted for U_cms_enc_gost2012_512_A_:ok
????   66: Creating user U_cms_enc_gost2012_512_B_1.2.643.7.1.2.5.1.1 w:ok
????   67: Encrypting for U_cms_enc_gost2012_512_B_1.2.643.7.1.2.5.1.1 :ok
????   68: Extracting CMS from encrypted structure for U_cms_enc_gost20:ok
????   69: Checking oids in pkcs7 structure for U_cms_enc_gost2012_512_:ok
????   70: Decrypting file encrypted for U_cms_enc_gost2012_512_B_1.2.6:ok
????   71: Encrypting for U_cms_enc_gost2012_512_B_1.2.643.7.1.2.5.1.1 :ok
????   72: Decrypting file text-encrypted for U_cms_enc_gost2012_512_B_:ok
????   73: Decrypting file text-encrypted for U_cms_enc_gost2012_512_B_:ok
????   74: Creating user U_cms_enc_gost2012_512_A_ with key gost2012_51:ok
????   75: Encrypting for U_cms_enc_gost2012_512_A_                    :ok
????   76: Extracting CMS from encrypted structure for U_cms_enc_gost20:ok
????   77: Checking oids in pkcs7 structure for U_cms_enc_gost2012_512_:ok
????   78: Decrypting file encrypted for U_cms_enc_gost2012_512_A_     :ok
????   79: Encrypting for U_cms_enc_gost2012_512_A_ - text format      :ok
????   80: Decrypting file text-encrypted for U_cms_enc_gost2012_512_A_:ok
????   81: Decrypting file text-encrypted for U_cms_enc_gost2012_512_A_:ok
????   82: Encrypt for all                                             :ok
????   83: Decrypting gost-encrypted file, recipient gost2001_XA_1.2.64:ok
????   84: Decrypting gost-encrypted file without cert, recipient gost2:ok
????   85: Decrypting gost-encrypted file, recipient gost2001_XB_1.2.64:ok
????   86: Decrypting gost-encrypted file without cert, recipient gost2:ok
????   87: Decrypting gost-encrypted file, recipient gost2001_XA_      :ok
????   88: Decrypting gost-encrypted file without cert, recipient gost2:ok
????   89: Decrypting gost-encrypted file, recipient gost2012_256_XA_1.:ok
????   90: Decrypting gost-encrypted file without cert, recipient gost2:ok
????   91: Decrypting gost-encrypted file, recipient gost2012_256_XB_1.:ok
????   92: Decrypting gost-encrypted file without cert, recipient gost2:ok
????   93: Decrypting gost-encrypted file, recipient gost2012_256_XA_  :ok
????   94: Decrypting gost-encrypted file without cert, recipient gost2:ok
????   95: Decrypting gost-encrypted file, recipient gost2012_512_A_1.2:ok
????   96: Decrypting gost-encrypted file without cert, recipient gost2:ok
????   97: Decrypting gost-encrypted file, recipient gost2012_512_B_1.2:ok
????   98: Decrypting gost-encrypted file without cert, recipient gost2:ok
????   99: Decrypting gost-encrypted file, recipient gost2012_512_A_   :ok
????  100: Decrypting gost-encrypted file without cert, recipient gost2:ok
===================================================
????? 100 ??????. ????????? 100 ???????, 0 ?????????
=========== ?????? ??????: ????? ?? ??????? pkcs12 =================
????    1: ?????????? ?????????? ? ????????? ???? gost2001:A           :ok
????    2: ???????? pkcs12 ? ?????????? gost2001:A                     :ok
????    3: ????????? pkcs12 c ?????????? gost2001:A                    :failed
????    4: ?????????? ?????????? ? ????????? ???? gost2001:B           :ok
????    5: ???????? pkcs12 ? ?????????? gost2001:B                     :ok
????    6: ????????? pkcs12 c ?????????? gost2001:B                    :failed
????    7: ?????????? ?????????? ? ????????? ???? gost2001:C           :ok
????    8: ???????? pkcs12 ? ?????????? gost2001:C                     :ok
????    9: ????????? pkcs12 c ?????????? gost2001:C                    :failed
????   10: ?????????? ?????????? ? ????????? ???? gost2001:XA          :ok
????   11: ???????? pkcs12 ? ?????????? gost2001:XA                    :ok
????   12: ????????? pkcs12 c ?????????? gost2001:XA                   :failed
????   13: ?????????? ?????????? ? ????????? ???? gost2001:XB          :ok
????   14: ???????? pkcs12 ? ?????????? gost2001:XB                    :ok
????   15: ????????? pkcs12 c ?????????? gost2001:XB                   :failed
????   16: ?????????? ?????????? ? ????????? ???? gost2012_256:A       :ok
????   17: ???????? pkcs12 ? ?????????? gost2012_256:A                 :ok
????   18: ????????? pkcs12 c ?????????? gost2012_256:A                :failed
????   19: ?????????? ?????????? ? ????????? ???? gost2012_256:B       :ok
????   20: ???????? pkcs12 ? ?????????? gost2012_256:B                 :ok
????   21: ????????? pkcs12 c ?????????? gost2012_256:B                :failed
????   22: ?????????? ?????????? ? ????????? ???? gost2012_256:C       :ok
????   23: ???????? pkcs12 ? ?????????? gost2012_256:C                 :ok
????   24: ????????? pkcs12 c ?????????? gost2012_256:C                :failed
????   25: ?????????? ?????????? ? ????????? ???? gost2012_256:XA      :ok
????   26: ???????? pkcs12 ? ?????????? gost2012_256:XA                :ok
????   27: ????????? pkcs12 c ?????????? gost2012_256:XA               :failed
????   28: ?????????? ?????????? ? ????????? ???? gost2012_256:XB      :ok
????   29: ???????? pkcs12 ? ?????????? gost2012_256:XB                :ok
????   30: ????????? pkcs12 c ?????????? gost2012_256:XB               :failed
????   31: ?????????? ?????????? ? ????????? ???? gost2012_256:TCA     :ok
????   32: ???????? pkcs12 ? ?????????? gost2012_256:TCA               :ok
????   33: ????????? pkcs12 c ?????????? gost2012_256:TCA              :failed
????   34: ?????????? ?????????? ? ????????? ???? gost2012_256:TCB     :ok
????   35: ???????? pkcs12 ? ?????????? gost2012_256:TCB               :ok
????   36: ????????? pkcs12 c ?????????? gost2012_256:TCB              :failed
????   37: ?????????? ?????????? ? ????????? ???? gost2012_256:TCC     :ok
????   38: ???????? pkcs12 ? ?????????? gost2012_256:TCC               :ok
????   39: ????????? pkcs12 c ?????????? gost2012_256:TCC              :failed
????   40: ?????????? ?????????? ? ????????? ???? gost2012_256:TCD     :ok
????   41: ???????? pkcs12 ? ?????????? gost2012_256:TCD               :ok
????   42: ????????? pkcs12 c ?????????? gost2012_256:TCD              :failed
????   43: ?????????? ?????????? ? ????????? ???? gost2012_512:A       :ok
????   44: ???????? pkcs12 ? ?????????? gost2012_512:A                 :ok
????   45: ????????? pkcs12 c ?????????? gost2012_512:A                :failed
????   46: ?????????? ?????????? ? ????????? ???? gost2012_512:B       :ok
????   47: ???????? pkcs12 ? ?????????? gost2012_512:B                 :ok
????   48: ????????? pkcs12 c ?????????? gost2012_512:B                :failed
????   49: ?????????? ?????????? ? ????????? ???? gost2012_512:C       :ok
????   50: ???????? pkcs12 ? ?????????? gost2012_512:C                 :ok
????   51: ????????? pkcs12 c ?????????? gost2012_512:C                :failed
===================================================
????? 51 ??????. ????????? 34 ???????, 17 ?????????
?????? ????? ????????? ?????????? ? pkcs12.log
=========== ?????? ??????: ????????? engine ??? ???? ?????????? dynamic_path =================
????    0: ?????????? ????????? md_gost94                              :skipped 
????    1: Encrypting file in CFB mode                                 :skipped 
????    2: Encrypting file in CNT mode                                 :skipped 
????    3: Ciphered text in CFB mode  differs from clear text          :skipped 
????    4: Ciphered text in CNT mode  differs from clear text          :skipped 
????    5: Decrypting file, encrypted in CFB mode                      :skipped 
????    6: Decrypting file, encrypted in CNT mode                      :skipped 
????    7: ?????????? MAC gost89                                       :skipped 
????    8: ???????? ?????????? ????? gost2001                          :skipped 
===================================================
????? 9 ??????. ????????? 0 ???????, 0 ?????????
?????????: 9 ?? ?????? ????????? 0 ??-?? ???????????? ?????? ??????
=========== ?????? ??????: ????? ?? OCSP-??????? ? ?????? =================
????    1: Creating CA                                                 :ok
????    2: ??????? ?????                                               :ok
????    3: ???????? ????????????? ?????? SHA1 ???  ?? ???????????      :ok
????    4: ??????????? OID-? ? ???????                                 :ok
????    5: ????????? ????-??????????? ?????                            :failed
????    6: ??????????? OID-? ? ??????                                  :ok
????    7: ????????? ????-??????????? ?????                            :failed
????    8: ????????? ?????? ???????????                                :ok
????    9: ????????? ????-??????????? ?????? ? ????? SHA1 ?? ??????????:failed
????   10: ??????????? OID-? ? ???????                                 :ok
????   11: ????????? ????? ?? ??????????? ??????                       :ok
????   12: ????????? ????? ?? ?????? 2                                 :ok
????   13: ????????? ?????? ? ????-?????? ????? ?? ???????????         :ok
????   14: ??????????? OID-? ? ???????                                 :ok
????   15: ????????? ????? ?? ?????? ? ????-?????? ?????               :ok
????   16: ????????? ????? ?? ?????? 3                                 :ok
????   17: ????????? ?????? ???????????                                :ok
????   18: ????????? ?????? ? ????-?????? ????? ?? serial              :failed
????   19: ????????? OID-? ? ??????? 4                                 :ok
????   20: ????????? ????? ?? ?????? ? ????-?????? ?????               :ok
????   21: ????????? ????? ?? ?????? 4                                 :ok
????   22: ????????? ?????? ? ????? ????????????? ? ??????? ??????     :failed
????   23: ????????? OID-? ? ??????? 5                                 :ok
????   24: ????????? ????? ?? ?????? ? ????? ??????                    :ok
????   25: ????????? ????? ?? ?????? 5                                 :ok
????   26: ????????? ?????? ??????????o?                               :ok
????   27: Creating CA                                                 :ok
????   28: ??????? ?????                                               :ok
????   29: ???????? ????????????? ?????? SHA1 ???  ?? ???????????      :ok
????   30: ??????????? OID-? ? ???????                                 :ok
????   31: ????????? ????-??????????? ?????                            :failed
????   32: ??????????? OID-? ? ??????                                  :ok
????   33: ????????? ????-??????????? ?????                            :failed
????   34: ????????? ?????? ???????????                                :ok
????   35: ????????? ????-??????????? ?????? ? ????? SHA1 ?? ??????????:failed
????   36: ??????????? OID-? ? ???????                                 :ok
????   37: ????????? ????? ?? ??????????? ??????                       :ok
????   38: ????????? ????? ?? ?????? 2                                 :ok
????   39: ????????? ?????? ? ????-?????? ????? ?? ???????????         :ok
????   40: ??????????? OID-? ? ???????                                 :ok
????   41: ????????? ????? ?? ?????? ? ????-?????? ?????               :ok
????   42: ????????? ????? ?? ?????? 3                                 :ok
????   43: ????????? ?????? ???????????                                :ok
????   44: ????????? ?????? ? ????-?????? ????? ?? serial              :failed
????   45: ????????? OID-? ? ??????? 4                                 :ok
????   46: ????????? ????? ?? ?????? ? ????-?????? ?????               :ok
????   47: ????????? ????? ?? ?????? 4                                 :ok
????   48: ????????? ?????? ? ????? ????????????? ? ??????? ??????     :failed
????   49: ????????? OID-? ? ??????? 5                                 :ok
????   50: ????????? ????? ?? ?????? ? ????? ??????                    :ok
????   51: ????????? ????? ?? ?????? 5                                 :ok
????   52: ????????? ?????? ??????????o?                               :ok
????   53: Creating CA                                                 :ok
????   54: ??????? ?????                                               :ok
????   55: ???????? ????????????? ?????? SHA1 ???  ?? ???????????      :ok
????   56: ??????????? OID-? ? ???????                                 :ok
????   57: ????????? ????-??????????? ?????                            :failed
????   58: ??????????? OID-? ? ??????                                  :ok
????   59: ????????? ????-??????????? ?????                            :failed
????   60: ????????? ?????? ???????????                                :ok
????   61: ????????? ????-??????????? ?????? ? ????? SHA1 ?? ??????????:failed
????   62: ??????????? OID-? ? ???????                                 :ok
????   63: ????????? ????? ?? ??????????? ??????                       :ok
????   64: ????????? ????? ?? ?????? 2                                 :ok
????   65: ????????? ?????? ? ????-?????? ????? ?? ???????????         :ok
????   66: ??????????? OID-? ? ???????                                 :ok
????   67: ????????? ????? ?? ?????? ? ????-?????? ?????               :ok
????   68: ????????? ????? ?? ?????? 3                                 :ok
????   69: ????????? ?????? ???????????                                :ok
????   70: ????????? ?????? ? ????-?????? ????? ?? serial              :failed
????   71: ????????? OID-? ? ??????? 4                                 :ok
????   72: ????????? ????? ?? ?????? ? ????-?????? ?????               :ok
????   73: ????????? ????? ?? ?????? 4                                 :ok
????   74: ????????? ?????? ? ????? ????????????? ? ??????? ??????     :failed
????   75: ????????? OID-? ? ??????? 5                                 :ok
????   76: ????????? ????? ?? ?????? ? ????? ??????                    :ok
????   77: ????????? ????? ?? ?????? 5                                 :ok
????   78: ????????? ?????? ??????????o?                               :ok
===================================================
????? 78 ??????. ????????? 63 ???????, 15 ?????????
?????? ????? ????????? ?????????? ? ocsp.log
=========== ?????? ??????: ????? ?? timestamping protocol =================
????    1: Creating CA 2001                                            :ok
????    2: Creating CA 2012                                            :ok
????    3: Creating Timestamping authority certificate                 :failed
????    4: creating TSA configuration file                             :ok
????    5: Creating request with md_gost94, no cert request, no policy :ok
????    6: Printing request 1                                          :failed
????    7: Creating reply for request1                                 :ok
????    8: printing reply 1                                            :failed
????    9: Verifying reply against query file                          :ok
????   10: Verifying reply against data file                           :ok
????   11: Verifying reply against other data file                     :ok
????   12: Verifying reply against explicit hash value                 :failed
????   13: Creating request 2 with md_gost94, cert requested, no policy:ok
????   14: Printing request 2                                          :failed
????   15: Replying to request 2                                       :ok
????   16: Printing reply 2                                            :failed
????   17: Verifying reply2 against request file                       :ok
????   18: Verifying reply2 against data file                          :ok
????   19: Verifying reply2 against explicit digest                    :failed
????   20: Verifying reply2 against request 1                          :ok
????   21: Creating request 3 with sha1 digest                         :ok
????   22: Printing request 3                                          :failed
????   23: Replying to request 3 (with badAlg status)                  :ok
????   24: Printing reply 3                                            :ok
????   25: Verifying response 3 against request file                   :ok
????   26: Creating request 4 with specific (valid) policy             :ok
????   27: Replying to request 4                                       :ok
????   28: Verifying reply 4 against request file                      :ok
????   29: Creating request 5 with specific (invalid) policy           :ok
????   30: Replying to request 5                                       :ok
????   31: Verifying reply 5                                           :ok
????   32: Creating Timestamping authority certificate                 :failed
????   33: creating TSA configuration file                             :ok
????   34: Creating request with md_gost12_256, no cert request, no pol:ok
????   35: Printing request 1                                          :failed
????   36: Creating reply for request1                                 :ok
????   37: printing reply 1                                            :failed
????   38: Verifying reply against query file                          :ok
????   39: Verifying reply against data file                           :ok
????   40: Verifying reply against other data file                     :ok
????   41: Verifying reply against explicit hash value                 :failed
????   42: Creating request 2 with md_gost12_256, cert requested, no po:ok
????   43: Printing request 2                                          :failed
????   44: Replying to request 2                                       :ok
????   45: Printing reply 2                                            :failed
????   46: Verifying reply2 against request file                       :ok
????   47: Verifying reply2 against data file                          :ok
????   48: Verifying reply2 against explicit digest                    :failed
????   49: Verifying reply2 against request 1                          :ok
????   50: Creating request 3 with sha1 digest                         :ok
????   51: Printing request 3                                          :failed
????   52: Replying to request 3 (with badAlg status)                  :ok
????   53: Printing reply 3                                            :ok
????   54: Verifying response 3 against request file                   :ok
????   55: Creating request 4 with specific (valid) policy             :ok
????   56: Replying to request 4                                       :ok
????   57: Verifying reply 4 against request file                      :ok
????   58: Creating request 5 with specific (invalid) policy           :ok
????   59: Replying to request 5                                       :ok
????   60: Verifying reply 5                                           :ok
????   61: Creating Timestamping authority certificate                 :failed
????   62: creating TSA configuration file                             :ok
????   63: Creating request with md_gost12_512, no cert request, no pol:ok
????   64: Printing request 1                                          :failed
????   65: Creating reply for request1                                 :ok
????   66: printing reply 1                                            :failed
????   67: Verifying reply against query file                          :ok
????   68: Verifying reply against data file                           :ok
????   69: Verifying reply against other data file                     :ok
????   70: Verifying reply against explicit hash value                 :failed
????   71: Creating request 2 with md_gost12_512, cert requested, no po:ok
????   72: Printing request 2                                          :failed
????   73: Replying to request 2                                       :ok
????   74: Printing reply 2                                            :failed
????   75: Verifying reply2 against request file                       :ok
????   76: Verifying reply2 against data file                          :ok
????   77: Verifying reply2 against explicit digest                    :failed
????   78: Verifying reply2 against request 1                          :ok
????   79: Creating request 3 with sha1 digest                         :ok
????   80: Printing request 3                                          :failed
????   81: Replying to request 3 (with badAlg status)                  :ok
????   82: Printing reply 3                                            :ok
????   83: Verifying response 3 against request file                   :ok
????   84: Creating request 4 with specific (valid) policy             :ok
????   85: Replying to request 4                                       :ok
????   86: Verifying reply 4 against request file                      :ok
????   87: Creating request 5 with specific (invalid) policy           :ok
????   88: Replying to request 5                                       :ok
????   89: Verifying reply 5                                           :ok
===================================================
????? 89 ??????. ????????? 65 ???????, 24 ?????????
?????? ????? ????????? ?????????? ? ts.log
=========== ?????? ??????: ????? ?? SSL-?????????? ????? s_client ? s_server =================
????    1: ??????? ????????? ?????????? rsa                            :ok
????    2: ??????? ????????? ?????????? rsa:1024                       :ok
????    3: ??????? ?????????? ?????????? rsa:1024                      :ok
????    4: ??????? ????????? ?????????? gost2001:XA                    :ok
????    5: ??????? ?????????? ?????????? gost2001:XA                   :ok
????    6: ??????? ????????? ?????????? gost2012_256:XA                :ok
????    7: ??????? ?????????? ?????????? gost2012_256:XA               :ok
????    8: ??????? ????????? ?????????? gost2012_512:A                 :ok
????    9: ??????? ?????????? ?????????? gost2012_512:A                :ok
????   10: ??????? ?????????? ?????????? gost2001:B                    :ok
????   11: ??????? ?????????? ?????????? gost2012_256:B                :ok
????   12: ??????? ?????????? ?????????? gost2012_512:B                :ok
????   13: ?????? ??????? ECDHE-RSA-AES256-SHA@SECLEVEL=0 TLSv1        :failed
????   14: ?????????? ???????? ECDHE-RSA-AES256-SHA@SECLEVEL=0 TLSv1   :ok
????   15: ????????????? ????????? DHE-RSA-AES256-SHA TLSv1            :ok
????   16: ????????? ????????? ECDHE-RSA-AES256-SHA@SECLEVEL=0 TLSv1   :ok
????   17: ?????? ?????????????? ????? ??????????? TLSv1               :ok
????   18: ?????? c ??????????? ???????????, ?????? ECDHE-RSA-AES256-SH:ok
????   19: ?????? c ??????????? ???????????, ?????? AES256-SHA TLSv1   :ok
????   20: ?????? rsa:1024, ?????? ? ???????????? rsa:1024 TLSv1       :ok
????   21: ?????? ??????? GOST2001-GOST89-GOST89@SECLEVEL=0 TLSv1      :failed
????   22: ?????????? ???????? GOST2001-GOST89-GOST89@SECLEVEL=0 TLSv1 :ok
????   23: ????????????? ????????? DHE-RSA-AES256-SHA TLSv1            :ok
????   24: ????????? ????????? GOST2001-GOST89-GOST89@SECLEVEL=0 TLSv1 :ok
????   25: ?????? ?????????????? ????? ??????????? TLSv1               :ok
????   26: ?????? c ??????????? ???????????, ?????? GOST2001-GOST89-GOS:ok
????   27: ?????? c ??????????? ???????????, ?????? AES256-SHA TLSv1   :ok
????   28: ?????? gost2001:XA, ?????? ? ???????????? gost2001:XA TLSv1 :ok
????   29: ?????? gost2001:XA, ?????? ? ???????????? gost2001:B TLSv1  :ok
????   30: ?????? gost2001:XA, ?????? ? ???????????? gost2012_256:B TLS:ok
????   31: ?????? gost2001:XA, ?????? ? ???????????? gost2012_512:B TLS:ok
????   32: ?????? ??????? GOST2001-NULL-GOST94@SECLEVEL=0 TLSv1        :failed
????   33: ?????????? ???????? GOST2001-NULL-GOST94@SECLEVEL=0 TLSv1   :ok
????   34: ????????????? ????????? DHE-RSA-AES256-SHA TLSv1            :ok
????   35: ????????? ????????? GOST2001-NULL-GOST94@SECLEVEL=0 TLSv1   :ok
????   36: ?????? c ??????????? ???????????, ?????? AES256-SHA TLSv1   :ok
????   37: ?????? gost2001:XA, ?????? ? ???????????? gost2001:XA TLSv1 :ok
????   38: ?????? gost2001:XA, ?????? ? ???????????? gost2001:B TLSv1  :ok
????   39: ?????? gost2001:XA, ?????? ? ???????????? gost2012_256:B TLS:ok
????   40: ?????? gost2001:XA, ?????? ? ???????????? gost2012_512:B TLS:ok
????   41: ?????? ??????? LEGACY-GOST2012-GOST8912-GOST8912@SECLEVEL=0 :failed
????   42: ?????????? ???????? LEGACY-GOST2012-GOST8912-GOST8912@SECLEV:ok
????   43: ????????????? ????????? DHE-RSA-AES256-SHA TLSv1            :ok
????   44: ????????? ????????? LEGACY-GOST2012-GOST8912-GOST8912@SECLEV:ok
????   45: ?????? ?????????????? ????? ??????????? TLSv1               :ok
????   46: ?????? c ??????????? ???????????, ?????? LEGACY-GOST2012-GOS:ok
????   47: ?????? c ??????????? ???????????, ?????? AES256-SHA TLSv1   :ok
????   48: ?????? gost2001:XA, ?????? ? ???????????? gost2001:XA TLSv1 :ok
????   49: ?????? gost2001:XA, ?????? ? ???????????? gost2001:B TLSv1  :ok
????   50: ?????? gost2001:XA, ?????? ? ???????????? gost2012_256:B TLS:ok
????   51: ?????? gost2001:XA, ?????? ? ???????????? gost2012_512:B TLS:ok
????   52: ?????? ??????? IANA-GOST2012-GOST8912-GOST8912@SECLEVEL=0 TL:failed
????   53: ?????????? ???????? IANA-GOST2012-GOST8912-GOST8912@SECLEVEL:ok
????   54: ????????????? ????????? DHE-RSA-AES256-SHA TLSv1            :ok
????   55: ????????? ????????? IANA-GOST2012-GOST8912-GOST8912@SECLEVEL:ok
????   56: ?????? ?????????????? ????? ??????????? TLSv1               :ok
????   57: ?????? c ??????????? ???????????, ?????? IANA-GOST2012-GOST8:ok
????   58: ?????? c ??????????? ???????????, ?????? AES256-SHA TLSv1   :ok
????   59: ?????? gost2001:XA, ?????? ? ???????????? gost2001:XA TLSv1 :ok
????   60: ?????? gost2001:XA, ?????? ? ???????????? gost2001:B TLSv1  :ok
????   61: ?????? gost2001:XA, ?????? ? ???????????? gost2012_256:B TLS:ok
????   62: ?????? gost2001:XA, ?????? ? ???????????? gost2012_512:B TLS:ok
????   63: ?????? ??????? GOST2012-NULL-GOST12@SECLEVEL=0 TLSv1        :failed
????   64: ?????????? ???????? GOST2012-NULL-GOST12@SECLEVEL=0 TLSv1   :ok
????   65: ????????????? ????????? DHE-RSA-AES256-SHA TLSv1            :ok
????   66: ????????? ????????? GOST2012-NULL-GOST12@SECLEVEL=0 TLSv1   :ok
????   67: ?????? c ??????????? ???????????, ?????? AES256-SHA TLSv1   :ok
????   68: ?????? gost2001:XA, ?????? ? ???????????? gost2001:XA TLSv1 :ok
????   69: ?????? gost2001:XA, ?????? ? ???????????? gost2001:B TLSv1  :ok
????   70: ?????? gost2001:XA, ?????? ? ???????????? gost2012_256:B TLS:ok
????   71: ?????? gost2001:XA, ?????? ? ???????????? gost2012_512:B TLS:ok
????   72: Incompatible suite gost2012_256:XA GOST2001-GOST89-GOST89@SE:ok
????   73: Incompatible suite gost2012_256:XA GOST2001-NULL-GOST94@SECL:ok
????   74: ?????? ??????? LEGACY-GOST2012-GOST8912-GOST8912@SECLEVEL=0 :failed
????   75: ?????????? ???????? LEGACY-GOST2012-GOST8912-GOST8912@SECLEV:ok
????   76: ????????????? ????????? DHE-RSA-AES256-SHA TLSv1            :ok
????   77: ????????? ????????? LEGACY-GOST2012-GOST8912-GOST8912@SECLEV:ok
????   78: ?????? ?????????????? ????? ??????????? TLSv1               :ok
????   79: ?????? c ??????????? ???????????, ?????? LEGACY-GOST2012-GOS:ok
????   80: ?????? c ??????????? ???????????, ?????? AES256-SHA TLSv1   :ok
????   81: ?????? gost2012_256:XA, ?????? ? ???????????? gost2012_256:X:ok
????   82: ?????? gost2012_256:XA, ?????? ? ???????????? gost2001:B TLS:ok
????   83: ?????? gost2012_256:XA, ?????? ? ???????????? gost2012_256:B:ok
????   84: ?????? gost2012_256:XA, ?????? ? ???????????? gost2012_512:B:ok
????   85: ?????? ??????? GOST2012-NULL-GOST12@SECLEVEL=0 TLSv1        :failed
????   86: ?????????? ???????? GOST2012-NULL-GOST12@SECLEVEL=0 TLSv1   :ok
????   87: ????????????? ????????? DHE-RSA-AES256-SHA TLSv1            :ok
????   88: ????????? ????????? GOST2012-NULL-GOST12@SECLEVEL=0 TLSv1   :ok
????   89: ?????? c ??????????? ???????????, ?????? AES256-SHA TLSv1   :ok
????   90: ?????? gost2012_256:XA, ?????? ? ???????????? gost2012_256:X:ok
????   91: ?????? gost2012_256:XA, ?????? ? ???????????? gost2001:B TLS:ok
????   92: ?????? gost2012_256:XA, ?????? ? ???????????? gost2012_256:B:ok
????   93: ?????? gost2012_256:XA, ?????? ? ???????????? gost2012_512:B:ok
????   94: Incompatible suite gost2012_512:A GOST2001-GOST89-GOST89@SEC:ok
????   95: Incompatible suite gost2012_512:A GOST2001-NULL-GOST94@SECLE:ok
????   96: ?????? ??????? LEGACY-GOST2012-GOST8912-GOST8912@SECLEVEL=0 :failed
????   97: ?????????? ???????? LEGACY-GOST2012-GOST8912-GOST8912@SECLEV:ok
????   98: ????????????? ????????? DHE-RSA-AES256-SHA TLSv1            :ok
????   99: ????????? ????????? LEGACY-GOST2012-GOST8912-GOST8912@SECLEV:ok
????  100: ?????? ?????????????? ????? ??????????? TLSv1               :ok
????  101: ?????? c ??????????? ???????????, ?????? LEGACY-GOST2012-GOS:ok
????  102: ?????? c ??????????? ???????????, ?????? AES256-SHA TLSv1   :ok
????  103: ?????? gost2012_512:A, ?????? ? ???????????? gost2012_512:A :ok
????  104: ?????? gost2012_512:A, ?????? ? ???????????? gost2001:B TLSv:ok
????  105: ?????? gost2012_512:A, ?????? ? ???????????? gost2012_256:B :ok
????  106: ?????? gost2012_512:A, ?????? ? ???????????? gost2012_512:B :ok
????  107: ?????? ??????? GOST2012-NULL-GOST12@SECLEVEL=0 TLSv1        :failed
????  108: ?????????? ???????? GOST2012-NULL-GOST12@SECLEVEL=0 TLSv1   :ok
????  109: ????????????? ????????? DHE-RSA-AES256-SHA TLSv1            :ok
????  110: ????????? ????????? GOST2012-NULL-GOST12@SECLEVEL=0 TLSv1   :ok
????  111: ?????? c ??????????? ???????????, ?????? AES256-SHA TLSv1   :ok
????  112: ?????? gost2012_512:A, ?????? ? ???????????? gost2012_512:A :ok
????  113: ?????? gost2012_512:A, ?????? ? ???????????? gost2001:B TLSv:ok
????  114: ?????? gost2012_512:A, ?????? ? ???????????? gost2012_256:B :ok
????  115: ?????? gost2012_512:A, ?????? ? ???????????? gost2012_512:B :ok
????  116: ?????? ??????? ECDHE-RSA-AES256-SHA@SECLEVEL=0 TLSv1.1      :failed
????  117: ?????????? ???????? ECDHE-RSA-AES256-SHA@SECLEVEL=0 TLSv1.1 :ok
????  118: ????????????? ????????? DHE-RSA-AES256-SHA TLSv1.1          :ok
????  119: ????????? ????????? ECDHE-RSA-AES256-SHA@SECLEVEL=0 TLSv1.1 :ok
????  120: ?????? ?????????????? ????? ??????????? TLSv1.1             :ok
????  121: ?????? c ??????????? ???????????, ?????? ECDHE-RSA-AES256-SH:ok
????  122: ?????? c ??????????? ???????????, ?????? AES256-SHA TLSv1.1 :ok
????  123: ?????? rsa:1024, ?????? ? ???????????? rsa:1024 TLSv1.1     :ok
????  124: ?????? ??????? GOST2001-GOST89-GOST89@SECLEVEL=0 TLSv1.1    :failed
????  125: ?????????? ???????? GOST2001-GOST89-GOST89@SECLEVEL=0 TLSv1.:ok
????  126: ????????????? ????????? DHE-RSA-AES256-SHA TLSv1.1          :ok
????  127: ????????? ????????? GOST2001-GOST89-GOST89@SECLEVEL=0 TLSv1.:ok
????  128: ?????? ?????????????? ????? ??????????? TLSv1.1             :ok
????  129: ?????? c ??????????? ???????????, ?????? GOST2001-GOST89-GOS:ok
????  130: ?????? c ??????????? ???????????, ?????? AES256-SHA TLSv1.1 :ok
????  131: ?????? gost2001:XA, ?????? ? ???????????? gost2001:XA TLSv1.:ok
????  132: ?????? gost2001:XA, ?????? ? ???????????? gost2001:B TLSv1.1:ok
????  133: ?????? gost2001:XA, ?????? ? ???????????? gost2012_256:B TLS:ok
????  134: ?????? gost2001:XA, ?????? ? ???????????? gost2012_512:B TLS:ok
????  135: ?????? ??????? GOST2001-NULL-GOST94@SECLEVEL=0 TLSv1.1      :failed
????  136: ?????????? ???????? GOST2001-NULL-GOST94@SECLEVEL=0 TLSv1.1 :ok
????  137: ????????????? ????????? DHE-RSA-AES256-SHA TLSv1.1          :ok
????  138: ????????? ????????? GOST2001-NULL-GOST94@SECLEVEL=0 TLSv1.1 :ok
????  139: ?????? c ??????????? ???????????, ?????? AES256-SHA TLSv1.1 :ok
????  140: ?????? gost2001:XA, ?????? ? ???????????? gost2001:XA TLSv1.:ok
????  141: ?????? gost2001:XA, ?????? ? ???????????? gost2001:B TLSv1.1:ok
????  142: ?????? gost2001:XA, ?????? ? ???????????? gost2012_256:B TLS:ok
????  143: ?????? gost2001:XA, ?????? ? ???????????? gost2012_512:B TLS:ok
????  144: ?????? ??????? LEGACY-GOST2012-GOST8912-GOST8912@SECLEVEL=0 :failed
????  145: ?????????? ???????? LEGACY-GOST2012-GOST8912-GOST8912@SECLEV:ok
????  146: ????????????? ????????? DHE-RSA-AES256-SHA TLSv1.1          :ok
????  147: ????????? ????????? LEGACY-GOST2012-GOST8912-GOST8912@SECLEV:ok
????  148: ?????? ?????????????? ????? ??????????? TLSv1.1             :ok
????  149: ?????? c ??????????? ???????????, ?????? LEGACY-GOST2012-GOS:ok
????  150: ?????? c ??????????? ???????????, ?????? AES256-SHA TLSv1.1 :ok
????  151: ?????? gost2001:XA, ?????? ? ???????????? gost2001:XA TLSv1.:ok
????  152: ?????? gost2001:XA, ?????? ? ???????????? gost2001:B TLSv1.1:ok
????  153: ?????? gost2001:XA, ?????? ? ???????????? gost2012_256:B TLS:ok
????  154: ?????? gost2001:XA, ?????? ? ???????????? gost2012_512:B TLS:ok
????  155: ?????? ??????? IANA-GOST2012-GOST8912-GOST8912@SECLEVEL=0 TL:failed
????  156: ?????????? ???????? IANA-GOST2012-GOST8912-GOST8912@SECLEVEL:ok
????  157: ????????????? ????????? DHE-RSA-AES256-SHA TLSv1.1          :ok
????  158: ????????? ????????? IANA-GOST2012-GOST8912-GOST8912@SECLEVEL:ok
????  159: ?????? ?????????????? ????? ??????????? TLSv1.1             :ok
????  160: ?????? c ??????????? ???????????, ?????? IANA-GOST2012-GOST8:ok
????  161: ?????? c ??????????? ???????????, ?????? AES256-SHA TLSv1.1 :ok
????  162: ?????? gost2001:XA, ?????? ? ???????????? gost2001:XA TLSv1.:ok
????  163: ?????? gost2001:XA, ?????? ? ???????????? gost2001:B TLSv1.1:ok
????  164: ?????? gost2001:XA, ?????? ? ???????????? gost2012_256:B TLS:ok
????  165: ?????? gost2001:XA, ?????? ? ???????????? gost2012_512:B TLS:ok
????  166: ?????? ??????? GOST2012-NULL-GOST12@SECLEVEL=0 TLSv1.1      :failed
????  167: ?????????? ???????? GOST2012-NULL-GOST12@SECLEVEL=0 TLSv1.1 :ok
????  168: ????????????? ????????? DHE-RSA-AES256-SHA TLSv1.1          :ok
????  169: ????????? ????????? GOST2012-NULL-GOST12@SECLEVEL=0 TLSv1.1 :ok
????  170: ?????? c ??????????? ???????????, ?????? AES256-SHA TLSv1.1 :ok
????  171: ?????? gost2001:XA, ?????? ? ???????????? gost2001:XA TLSv1.:ok
????  172: ?????? gost2001:XA, ?????? ? ???????????? gost2001:B TLSv1.1:ok
????  173: ?????? gost2001:XA, ?????? ? ???????????? gost2012_256:B TLS:ok
????  174: ?????? gost2001:XA, ?????? ? ???????????? gost2012_512:B TLS:ok
????  175: Incompatible suite gost2012_256:XA GOST2001-GOST89-GOST89@SE:ok
????  176: Incompatible suite gost2012_256:XA GOST2001-NULL-GOST94@SECL:ok
????  177: ?????? ??????? LEGACY-GOST2012-GOST8912-GOST8912@SECLEVEL=0 :failed
????  178: ?????????? ???????? LEGACY-GOST2012-GOST8912-GOST8912@SECLEV:ok
????  179: ????????????? ????????? DHE-RSA-AES256-SHA TLSv1.1          :ok
????  180: ????????? ????????? LEGACY-GOST2012-GOST8912-GOST8912@SECLEV:ok
????  181: ?????? ?????????????? ????? ??????????? TLSv1.1             :ok
????  182: ?????? c ??????????? ???????????, ?????? LEGACY-GOST2012-GOS:ok
????  183: ?????? c ??????????? ???????????, ?????? AES256-SHA TLSv1.1 :ok
????  184: ?????? gost2012_256:XA, ?????? ? ???????????? gost2012_256:X:ok
????  185: ?????? gost2012_256:XA, ?????? ? ???????????? gost2001:B TLS:ok
????  186: ?????? gost2012_256:XA, ?????? ? ???????????? gost2012_256:B:ok
????  187: ?????? gost2012_256:XA, ?????? ? ???????????? gost2012_512:B:ok
????  188: ?????? ??????? GOST2012-NULL-GOST12@SECLEVEL=0 TLSv1.1      :failed
????  189: ?????????? ???????? GOST2012-NULL-GOST12@SECLEVEL=0 TLSv1.1 :ok
????  190: ????????????? ????????? DHE-RSA-AES256-SHA TLSv1.1          :ok
????  191: ????????? ????????? GOST2012-NULL-GOST12@SECLEVEL=0 TLSv1.1 :ok
????  192: ?????? c ??????????? ???????????, ?????? AES256-SHA TLSv1.1 :ok
????  193: ?????? gost2012_256:XA, ?????? ? ???????????? gost2012_256:X:ok
????  194: ?????? gost2012_256:XA, ?????? ? ???????????? gost2001:B TLS:ok
????  195: ?????? gost2012_256:XA, ?????? ? ???????????? gost2012_256:B:ok
????  196: ?????? gost2012_256:XA, ?????? ? ???????????? gost2012_512:B:ok
????  197: Incompatible suite gost2012_512:A GOST2001-GOST89-GOST89@SEC:ok
????  198: Incompatible suite gost2012_512:A GOST2001-NULL-GOST94@SECLE:ok
????  199: ?????? ??????? LEGACY-GOST2012-GOST8912-GOST8912@SECLEVEL=0 :failed
????  200: ?????????? ???????? LEGACY-GOST2012-GOST8912-GOST8912@SECLEV:ok
????  201: ????????????? ????????? DHE-RSA-AES256-SHA TLSv1.1          :ok
????  202: ????????? ????????? LEGACY-GOST2012-GOST8912-GOST8912@SECLEV:ok
????  203: ?????? ?????????????? ????? ??????????? TLSv1.1             :ok
????  204: ?????? c ??????????? ???????????, ?????? LEGACY-GOST2012-GOS:ok
????  205: ?????? c ??????????? ???????????, ?????? AES256-SHA TLSv1.1 :ok
????  206: ?????? gost2012_512:A, ?????? ? ???????????? gost2012_512:A :ok
????  207: ?????? gost2012_512:A, ?????? ? ???????????? gost2001:B TLSv:ok
????  208: ?????? gost2012_512:A, ?????? ? ???????????? gost2012_256:B :ok
????  209: ?????? gost2012_512:A, ?????? ? ???????????? gost2012_512:B :ok
????  210: ?????? ??????? GOST2012-NULL-GOST12@SECLEVEL=0 TLSv1.1      :failed
????  211: ?????????? ???????? GOST2012-NULL-GOST12@SECLEVEL=0 TLSv1.1 :ok
????  212: ????????????? ????????? DHE-RSA-AES256-SHA TLSv1.1          :ok
????  213: ????????? ????????? GOST2012-NULL-GOST12@SECLEVEL=0 TLSv1.1 :ok
????  214: ?????? c ??????????? ???????????, ?????? AES256-SHA TLSv1.1 :ok
????  215: ?????? gost2012_512:A, ?????? ? ???????????? gost2012_512:A :ok
????  216: ?????? gost2012_512:A, ?????? ? ???????????? gost2001:B TLSv:ok
????  217: ?????? gost2012_512:A, ?????? ? ???????????? gost2012_256:B :ok
????  218: ?????? gost2012_512:A, ?????? ? ???????????? gost2012_512:B :ok
????  219: ?????? ??????? ECDHE-RSA-AES256-SHA@SECLEVEL=0 TLSv1.2      :failed
????  220: ?????????? ???????? ECDHE-RSA-AES256-SHA@SECLEVEL=0 TLSv1.2 :ok
????  221: ????????????? ????????? DHE-RSA-AES256-SHA TLSv1.2          :ok
????  222: ????????? ????????? ECDHE-RSA-AES256-SHA@SECLEVEL=0 TLSv1.2 :ok
????  223: ?????? ?????????????? ????? ??????????? TLSv1.2             :ok
????  224: ?????? c ??????????? ???????????, ?????? ECDHE-RSA-AES256-SH:ok
????  225: ?????? c ??????????? ???????????, ?????? AES256-SHA TLSv1.2 :ok
????  226: ?????? rsa:1024, ?????? ? ???????????? rsa:1024 TLSv1.2     :ok
????  227: ?????? ??????? GOST2001-GOST89-GOST89@SECLEVEL=0 TLSv1.2    :failed
????  228: ?????????? ???????? GOST2001-GOST89-GOST89@SECLEVEL=0 TLSv1.:ok
????  229: ????????????? ????????? DHE-RSA-AES256-SHA TLSv1.2          :ok
????  230: ????????? ????????? GOST2001-GOST89-GOST89@SECLEVEL=0 TLSv1.:ok
????  231: ?????? ?????????????? ????? ??????????? TLSv1.2             :ok
????  232: ?????? c ??????????? ???????????, ?????? GOST2001-GOST89-GOS:ok
????  233: ?????? c ??????????? ???????????, ?????? AES256-SHA TLSv1.2 :ok
????  234: ?????? gost2001:XA, ?????? ? ???????????? gost2001:XA TLSv1.:ok
????  235: ?????? gost2001:XA, ?????? ? ???????????? gost2001:B TLSv1.2:ok
????  236: ?????? gost2001:XA, ?????? ? ???????????? gost2012_256:B TLS:ok
????  237: ?????? gost2001:XA, ?????? ? ???????????? gost2012_512:B TLS:ok
????  238: ?????? ??????? GOST2001-NULL-GOST94@SECLEVEL=0 TLSv1.2      :failed
????  239: ?????????? ???????? GOST2001-NULL-GOST94@SECLEVEL=0 TLSv1.2 :ok
????  240: ????????????? ????????? DHE-RSA-AES256-SHA TLSv1.2          :ok
????  241: ????????? ????????? GOST2001-NULL-GOST94@SECLEVEL=0 TLSv1.2 :ok
????  242: ?????? c ??????????? ???????????, ?????? AES256-SHA TLSv1.2 :ok
????  243: ?????? gost2001:XA, ?????? ? ???????????? gost2001:XA TLSv1.:ok
????  244: ?????? gost2001:XA, ?????? ? ???????????? gost2001:B TLSv1.2:ok
????  245: ?????? gost2001:XA, ?????? ? ???????????? gost2012_256:B TLS:ok
????  246: ?????? gost2001:XA, ?????? ? ???????????? gost2012_512:B TLS:ok
????  247: ?????? ??????? LEGACY-GOST2012-GOST8912-GOST8912@SECLEVEL=0 :failed
????  248: ?????????? ???????? LEGACY-GOST2012-GOST8912-GOST8912@SECLEV:ok
????  249: ????????????? ????????? DHE-RSA-AES256-SHA TLSv1.2          :ok
????  250: ????????? ????????? LEGACY-GOST2012-GOST8912-GOST8912@SECLEV:ok
????  251: ?????? ?????????????? ????? ??????????? TLSv1.2             :ok
????  252: ?????? c ??????????? ???????????, ?????? LEGACY-GOST2012-GOS:ok
????  253: ?????? c ??????????? ???????????, ?????? AES256-SHA TLSv1.2 :ok
????  254: ?????? gost2001:XA, ?????? ? ???????????? gost2001:XA TLSv1.:ok
????  255: ?????? gost2001:XA, ?????? ? ???????????? gost2001:B TLSv1.2:ok
????  256: ?????? gost2001:XA, ?????? ? ???????????? gost2012_256:B TLS:ok
????  257: ?????? gost2001:XA, ?????? ? ???????????? gost2012_512:B TLS:ok
????  258: ?????? ??????? IANA-GOST2012-GOST8912-GOST8912@SECLEVEL=0 TL:failed
????  259: ?????????? ???????? IANA-GOST2012-GOST8912-GOST8912@SECLEVEL:ok
????  260: ????????????? ????????? DHE-RSA-AES256-SHA TLSv1.2          :ok
????  261: ????????? ????????? IANA-GOST2012-GOST8912-GOST8912@SECLEVEL:ok
????  262: ?????? ?????????????? ????? ??????????? TLSv1.2             :ok
????  263: ?????? c ??????????? ???????????, ?????? IANA-GOST2012-GOST8:ok
????  264: ?????? c ??????????? ???????????, ?????? AES256-SHA TLSv1.2 :ok
????  265: ?????? gost2001:XA, ?????? ? ???????????? gost2001:XA TLSv1.:ok
????  266: ?????? gost2001:XA, ?????? ? ???????????? gost2001:B TLSv1.2:ok
????  267: ?????? gost2001:XA, ?????? ? ???????????? gost2012_256:B TLS:ok
????  268: ?????? gost2001:XA, ?????? ? ???????????? gost2012_512:B TLS:ok
????  269: ?????? ??????? GOST2012-NULL-GOST12@SECLEVEL=0 TLSv1.2      :failed
????  270: ?????????? ???????? GOST2012-NULL-GOST12@SECLEVEL=0 TLSv1.2 :ok
????  271: ????????????? ????????? DHE-RSA-AES256-SHA TLSv1.2          :ok
????  272: ????????? ????????? GOST2012-NULL-GOST12@SECLEVEL=0 TLSv1.2 :ok
????  273: ?????? c ??????????? ???????????, ?????? AES256-SHA TLSv1.2 :ok
????  274: ?????? gost2001:XA, ?????? ? ???????????? gost2001:XA TLSv1.:ok
????  275: ?????? gost2001:XA, ?????? ? ???????????? gost2001:B TLSv1.2:ok
????  276: ?????? gost2001:XA, ?????? ? ???????????? gost2012_256:B TLS:ok
????  277: ?????? gost2001:XA, ?????? ? ???????????? gost2012_512:B TLS:ok
????  278: Incompatible suite gost2012_256:XA GOST2001-GOST89-GOST89@SE:ok
????  279: Incompatible suite gost2012_256:XA GOST2001-NULL-GOST94@SECL:ok
????  280: ?????? ??????? LEGACY-GOST2012-GOST8912-GOST8912@SECLEVEL=0 :failed
????  281: ?????????? ???????? LEGACY-GOST2012-GOST8912-GOST8912@SECLEV:ok
????  282: ????????????? ????????? DHE-RSA-AES256-SHA TLSv1.2          :ok
????  283: ????????? ????????? LEGACY-GOST2012-GOST8912-GOST8912@SECLEV:ok
????  284: ?????? ?????????????? ????? ??????????? TLSv1.2             :ok
????  285: ?????? c ??????????? ???????????, ?????? LEGACY-GOST2012-GOS:ok
????  286: ?????? c ??????????? ???????????, ?????? AES256-SHA TLSv1.2 :ok
????  287: ?????? gost2012_256:XA, ?????? ? ???????????? gost2012_256:X:ok
????  288: ?????? gost2012_256:XA, ?????? ? ???????????? gost2001:B TLS:ok
????  289: ?????? gost2012_256:XA, ?????? ? ???????????? gost2012_256:B:ok
????  290: ?????? gost2012_256:XA, ?????? ? ???????????? gost2012_512:B:ok
????  291: ?????? ??????? GOST2012-NULL-GOST12@SECLEVEL=0 TLSv1.2      :failed
????  292: ?????????? ???????? GOST2012-NULL-GOST12@SECLEVEL=0 TLSv1.2 :ok
????  293: ????????????? ????????? DHE-RSA-AES256-SHA TLSv1.2          :ok
????  294: ????????? ????????? GOST2012-NULL-GOST12@SECLEVEL=0 TLSv1.2 :ok
????  295: ?????? c ??????????? ???????????, ?????? AES256-SHA TLSv1.2 :ok
????  296: ?????? gost2012_256:XA, ?????? ? ???????????? gost2012_256:X:ok
????  297: ?????? gost2012_256:XA, ?????? ? ???????????? gost2001:B TLS:ok
????  298: ?????? gost2012_256:XA, ?????? ? ???????????? gost2012_256:B:ok
????  299: ?????? gost2012_256:XA, ?????? ? ???????????? gost2012_512:B:ok
????  300: Incompatible suite gost2012_512:A GOST2001-GOST89-GOST89@SEC:ok
????  301: Incompatible suite gost2012_512:A GOST2001-NULL-GOST94@SECLE:ok
????  302: ?????? ??????? LEGACY-GOST2012-GOST8912-GOST8912@SECLEVEL=0 :failed
????  303: ?????????? ???????? LEGACY-GOST2012-GOST8912-GOST8912@SECLEV:ok
????  304: ????????????? ????????? DHE-RSA-AES256-SHA TLSv1.2          :ok
????  305: ????????? ????????? LEGACY-GOST2012-GOST8912-GOST8912@SECLEV:ok
????  306: ?????? ?????????????? ????? ??????????? TLSv1.2             :ok
????  307: ?????? c ??????????? ???????????, ?????? LEGACY-GOST2012-GOS:ok
????  308: ?????? c ??????????? ???????????, ?????? AES256-SHA TLSv1.2 :ok
????  309: ?????? gost2012_512:A, ?????? ? ???????????? gost2012_512:A :ok
????  310: ?????? gost2012_512:A, ?????? ? ???????????? gost2001:B TLSv:ok
????  311: ?????? gost2012_512:A, ?????? ? ???????????? gost2012_256:B :ok
????  312: ?????? gost2012_512:A, ?????? ? ???????????? gost2012_512:B :ok
????  313: ?????? ??????? GOST2012-NULL-GOST12@SECLEVEL=0 TLSv1.2      :failed
????  314: ?????????? ???????? GOST2012-NULL-GOST12@SECLEVEL=0 TLSv1.2 :ok
????  315: ????????????? ????????? DHE-RSA-AES256-SHA TLSv1.2          :ok
????  316: ????????? ????????? GOST2012-NULL-GOST12@SECLEVEL=0 TLSv1.2 :ok
????  317: ?????? c ??????????? ???????????, ?????? AES256-SHA TLSv1.2 :ok
????  318: ?????? gost2012_512:A, ?????? ? ???????????? gost2012_512:A :ok
????  319: ?????? gost2012_512:A, ?????? ? ???????????? gost2001:B TLSv:ok
????  320: ?????? gost2012_512:A, ?????? ? ???????????? gost2012_256:B :ok
????  321: ?????? gost2012_512:A, ?????? ? ???????????? gost2012_512:B :ok
===================================================
????? 321 ??????. ????????? 291 ???????, 30 ?????????
?????? ????? ????????? ?????????? ? ssl.log
=========== ?????? ??????: ????? ?? ????????????? smime ? cms -sign =================
????    1: Verifying a message signed with gost2001:A without ca via cm:ok
????    2: Verifying a message signed with gost2001:A with ca via cms  :ok
????    3: Verifying corrupted messages signed with gost2001:A via smim:ok
????    4: Verifying a message signed with gost2001:A having cert insid:ok
????    5: Verifying a message signed with gost2001:A having cert with :ok
????    6: Verifying a message signed by gost2001:A having cert inside :ok
????    7: Verifying a gost2001:A opaque  message with ca via cms      :ok
????    8: Verifying broken gost2001:A opaque message                  :ok
????    9: Verifying detached gost2001:A signature via cms             :ok
????   10: Verifying corrupted gost2001:A detached signature           :ok
????   11: Verifying a message signed with gost2001:B without ca via cm:ok
????   12: Verifying a message signed with gost2001:B with ca via cms  :ok
????   13: Verifying corrupted messages signed with gost2001:B via smim:ok
????   14: Verifying a message signed with gost2001:B having cert insid:ok
????   15: Verifying a message signed with gost2001:B having cert with :ok
????   16: Verifying a message signed by gost2001:B having cert inside :ok
????   17: Verifying a gost2001:B opaque  message with ca via cms      :ok
????   18: Verifying broken gost2001:B opaque message                  :ok
????   19: Verifying detached gost2001:B signature via cms             :ok
????   20: Verifying corrupted gost2001:B detached signature           :ok
????   21: Verifying a message signed with gost2001:C without ca via cm:ok
????   22: Verifying a message signed with gost2001:C with ca via cms  :ok
????   23: Verifying corrupted messages signed with gost2001:C via smim:ok
????   24: Verifying a message signed with gost2001:C having cert insid:ok
????   25: Verifying a message signed with gost2001:C having cert with :ok
????   26: Verifying a message signed by gost2001:C having cert inside :ok
????   27: Verifying a gost2001:C opaque  message with ca via cms      :ok
????   28: Verifying broken gost2001:C opaque message                  :ok
????   29: Verifying detached gost2001:C signature via cms             :ok
????   30: Verifying corrupted gost2001:C detached signature           :ok
????   31: Verifying a message signed with gost2012_256:A without ca vi:ok
????   32: Verifying a message signed with gost2012_256:A with ca via c:ok
????   33: Verifying corrupted messages signed with gost2012_256:A via :ok
????   34: Verifying a message signed with gost2012_256:A having cert i:ok
????   35: Verifying a message signed with gost2012_256:A having cert w:ok
????   36: Verifying a message signed by gost2012_256:A having cert ins:ok
????   37: Verifying a gost2012_256:A opaque  message with ca via cms  :ok
????   38: Verifying broken gost2012_256:A opaque message              :ok
????   39: Verifying detached gost2012_256:A signature via cms         :ok
????   40: Verifying corrupted gost2012_256:A detached signature       :ok
????   41: Verifying a message signed with gost2012_256:B without ca vi:ok
????   42: Verifying a message signed with gost2012_256:B with ca via c:ok
????   43: Verifying corrupted messages signed with gost2012_256:B via :ok
????   44: Verifying a message signed with gost2012_256:B having cert i:ok
????   45: Verifying a message signed with gost2012_256:B having cert w:ok
????   46: Verifying a message signed by gost2012_256:B having cert ins:ok
????   47: Verifying a gost2012_256:B opaque  message with ca via cms  :ok
????   48: Verifying broken gost2012_256:B opaque message              :ok
????   49: Verifying detached gost2012_256:B signature via cms         :ok
????   50: Verifying corrupted gost2012_256:B detached signature       :ok
????   51: Verifying a message signed with gost2012_256:C without ca vi:ok
????   52: Verifying a message signed with gost2012_256:C with ca via c:ok
????   53: Verifying corrupted messages signed with gost2012_256:C via :ok
????   54: Verifying a message signed with gost2012_256:C having cert i:ok
????   55: Verifying a message signed with gost2012_256:C having cert w:ok
????   56: Verifying a message signed by gost2012_256:C having cert ins:ok
????   57: Verifying a gost2012_256:C opaque  message with ca via cms  :ok
????   58: Verifying broken gost2012_256:C opaque message              :ok
????   59: Verifying detached gost2012_256:C signature via cms         :ok
????   60: Verifying corrupted gost2012_256:C detached signature       :ok
????   61: Verifying a message signed with gost2012_512:A without ca vi:ok
????   62: Verifying a message signed with gost2012_512:A with ca via c:ok
????   63: Verifying corrupted messages signed with gost2012_512:A via :ok
????   64: Verifying a message signed with gost2012_512:A having cert i:ok
????   65: Verifying a message signed with gost2012_512:A having cert w:ok
????   66: Verifying a message signed by gost2012_512:A having cert ins:ok
????   67: Verifying a gost2012_512:A opaque  message with ca via cms  :ok
????   68: Verifying broken gost2012_512:A opaque message              :ok
????   69: Verifying detached gost2012_512:A signature via cms         :ok
????   70: Verifying corrupted gost2012_512:A detached signature       :ok
????   71: Verifying a message signed with gost2012_512:B without ca vi:ok
????   72: Verifying a message signed with gost2012_512:B with ca via c:ok
????   73: Verifying corrupted messages signed with gost2012_512:B via :ok
????   74: Verifying a message signed with gost2012_512:B having cert i:ok
????   75: Verifying a message signed with gost2012_512:B having cert w:ok
????   76: Verifying a message signed by gost2012_512:B having cert ins:ok
????   77: Verifying a gost2012_512:B opaque  message with ca via cms  :ok
????   78: Verifying broken gost2012_512:B opaque message              :ok
????   79: Verifying detached gost2012_512:B signature via cms         :ok
????   80: Verifying corrupted gost2012_512:B detached signature       :ok
===================================================
????? 80 ??????. ????????? 80 ???????, 0 ?????????
=========== ?????? ??????: ????? ?? ?????????????? cms ? smime -sign =================
????    1: Verifying a message signed with gost2001:A without ca       :ok
????    2: Verifying a message signed with gost2001:A with ca          :ok
????    3: Verifying corrupted messages signed with gost2001:A         :ok
????    4: Verifying a message signed with gost2001:A having cert insid:ok
????    5: Verifying a message signed with gost2001:A having cert with :ok
????    6: Verifying a message signed by gost2001:A having cert inside :ok
????    7: Verifying a gost2001:A opaque  message with ca              :ok
????    8: Verifying broken gost2001:A opaque message                  :ok
????    9: Verifying detached gost2001:A signature                     :ok
????   10: Verifying corrupted gost2001:A detached signature           :ok
????   11: Verifying a message signed with gost2001:B without ca       :ok
????   12: Verifying a message signed with gost2001:B with ca          :ok
????   13: Verifying corrupted messages signed with gost2001:B         :ok
????   14: Verifying a message signed with gost2001:B having cert insid:ok
????   15: Verifying a message signed with gost2001:B having cert with :ok
????   16: Verifying a message signed by gost2001:B having cert inside :ok
????   17: Verifying a gost2001:B opaque  message with ca              :ok
????   18: Verifying broken gost2001:B opaque message                  :ok
????   19: Verifying detached gost2001:B signature                     :ok
????   20: Verifying corrupted gost2001:B detached signature           :ok
????   21: Verifying a message signed with gost2001:C without ca       :ok
????   22: Verifying a message signed with gost2001:C with ca          :ok
????   23: Verifying corrupted messages signed with gost2001:C         :ok
????   24: Verifying a message signed with gost2001:C having cert insid:ok
????   25: Verifying a message signed with gost2001:C having cert with :ok
????   26: Verifying a message signed by gost2001:C having cert inside :ok
????   27: Verifying a gost2001:C opaque  message with ca              :ok
????   28: Verifying broken gost2001:C opaque message                  :ok
????   29: Verifying detached gost2001:C signature                     :ok
????   30: Verifying corrupted gost2001:C detached signature           :ok
????   31: Verifying a message signed with gost2012_256:A without ca   :ok
????   32: Verifying a message signed with gost2012_256:A with ca      :ok
????   33: Verifying corrupted messages signed with gost2012_256:A     :ok
????   34: Verifying a message signed with gost2012_256:A having cert i:ok
????   35: Verifying a message signed with gost2012_256:A having cert w:ok
????   36: Verifying a message signed by gost2012_256:A having cert ins:ok
????   37: Verifying a gost2012_256:A opaque  message with ca          :ok
????   38: Verifying broken gost2012_256:A opaque message              :ok
????   39: Verifying detached gost2012_256:A signature                 :ok
????   40: Verifying corrupted gost2012_256:A detached signature       :ok
????   41: Verifying a message signed with gost2012_256:B without ca   :ok
????   42: Verifying a message signed with gost2012_256:B with ca      :ok
????   43: Verifying corrupted messages signed with gost2012_256:B     :ok
????   44: Verifying a message signed with gost2012_256:B having cert i:ok
????   45: Verifying a message signed with gost2012_256:B having cert w:ok
????   46: Verifying a message signed by gost2012_256:B having cert ins:ok
????   47: Verifying a gost2012_256:B opaque  message with ca          :ok
????   48: Verifying broken gost2012_256:B opaque message              :ok
????   49: Verifying detached gost2012_256:B signature                 :ok
????   50: Verifying corrupted gost2012_256:B detached signature       :ok
????   51: Verifying a message signed with gost2012_256:C without ca   :ok
????   52: Verifying a message signed with gost2012_256:C with ca      :ok
????   53: Verifying corrupted messages signed with gost2012_256:C     :ok
????   54: Verifying a message signed with gost2012_256:C having cert i:ok
????   55: Verifying a message signed with gost2012_256:C having cert w:ok
????   56: Verifying a message signed by gost2012_256:C having cert ins:ok
????   57: Verifying a gost2012_256:C opaque  message with ca          :ok
????   58: Verifying broken gost2012_256:C opaque message              :ok
????   59: Verifying detached gost2012_256:C signature                 :ok
????   60: Verifying corrupted gost2012_256:C detached signature       :ok
????   61: Verifying a message signed with gost2012_512:A without ca   :ok
????   62: Verifying a message signed with gost2012_512:A with ca      :ok
????   63: Verifying corrupted messages signed with gost2012_512:A     :ok
????   64: Verifying a message signed with gost2012_512:A having cert i:ok
????   65: Verifying a message signed with gost2012_512:A having cert w:ok
????   66: Verifying a message signed by gost2012_512:A having cert ins:ok
????   67: Verifying a gost2012_512:A opaque  message with ca          :ok
????   68: Verifying broken gost2012_512:A opaque message              :ok
????   69: Verifying detached gost2012_512:A signature                 :ok
????   70: Verifying corrupted gost2012_512:A detached signature       :ok
????   71: Verifying a message signed with gost2012_512:B without ca   :ok
????   72: Verifying a message signed with gost2012_512:B with ca      :ok
????   73: Verifying corrupted messages signed with gost2012_512:B     :ok
????   74: Verifying a message signed with gost2012_512:B having cert i:ok
????   75: Verifying a message signed with gost2012_512:B having cert w:ok
????   76: Verifying a message signed by gost2012_512:B having cert ins:ok
????   77: Verifying a gost2012_512:B opaque  message with ca          :ok
????   78: Verifying broken gost2012_512:B opaque message              :ok
????   79: Verifying detached gost2012_512:B signature                 :ok
????   80: Verifying corrupted gost2012_512:B detached signature       :ok
===================================================
????? 80 ??????. ????????? 80 ???????, 0 ?????????
=========== ?????? ??????: ????? ?? ????????????? smime ? cms -encrypt =================
????    1: RSA User 2 (with cert) can decrypt message for RSA user 2   :ok
????    2: RSA User 2 (without cert) can decrypt message for RSA user 2:ok
????    3: Decrypting file encrypted for U_enc_gost2001_XA_1.2.643.2.2.:ok
????    4: Decrypting file text-encrypted for U_enc_gost2001_XA_1.2.643:ok
????    5: Decrypting file text-encrypted for U_enc_gost2001_XA_1.2.643:ok
????    6: Decrypting file encrypted for U_enc_gost2001_XB_1.2.643.2.2.:ok
????    7: Decrypting file text-encrypted for U_enc_gost2001_XB_1.2.643:ok
????    8: Decrypting file text-encrypted for U_enc_gost2001_XB_1.2.643:ok
????    9: Decrypting file encrypted for U_enc_gost2012_256_XA_1.2.643.:ok
????   10: Decrypting file text-encrypted for U_enc_gost2012_256_XA_1.2:ok
????   11: Decrypting file text-encrypted for U_enc_gost2012_256_XA_1.2:ok
????   12: Decrypting file encrypted for U_enc_gost2012_256_XB_1.2.643.:ok
????   13: Decrypting file text-encrypted for U_enc_gost2012_256_XB_1.2:ok
????   14: Decrypting file text-encrypted for U_enc_gost2012_256_XB_1.2:ok
????   15: Decrypting file encrypted for U_enc_gost2012_512_A_1.2.643.2:ok
????   16: Decrypting file text-encrypted for U_enc_gost2012_512_A_1.2.:ok
????   17: Decrypting file text-encrypted for U_enc_gost2012_512_A_1.2.:ok
????   18: Decrypting file encrypted for U_enc_gost2012_512_B_1.2.643.7:ok
????   19: Decrypting file text-encrypted for U_enc_gost2012_512_B_1.2.:ok
????   20: Decrypting file text-encrypted for U_enc_gost2012_512_B_1.2.:ok
????   21: Decrypting gost-encrypted file, recipient gost2001_XA_1.2.64:ok
????   22: Decrypting gost-encrypted file without cert, recipient gost2:ok
????   23: Decrypting gost-encrypted file, recipient gost2001_XB_1.2.64:ok
????   24: Decrypting gost-encrypted file without cert, recipient gost2:ok
????   25: Decrypting gost-encrypted file, recipient gost2012_256_XA_1.:ok
????   26: Decrypting gost-encrypted file without cert, recipient gost2:ok
????   27: Decrypting gost-encrypted file, recipient gost2012_256_XB_1.:ok
????   28: Decrypting gost-encrypted file without cert, recipient gost2:ok
????   29: Decrypting gost-encrypted file, recipient gost2012_512_A_1.2:ok
????   30: Decrypting gost-encrypted file without cert, recipient gost2:ok
????   31: Decrypting gost-encrypted file, recipient gost2012_512_B_1.2:ok
????   32: Decrypting gost-encrypted file without cert, recipient gost2:ok
===================================================
????? 32 ??????. ????????? 32 ???????, 0 ?????????
=========== ?????? ??????: ????? ?? ????????????? cms ? smime -encrypt =================
????    1: RSA User 2 (with cert) can decrypt message for RSA user 2   :ok
????    2: RSA User 2 (without cert) can decrypt message for RSA user 2:ok
????    3: Decrypting file encrypted for U_cms_enc_gost2001_XA_1.2.643.:ok
????    4: Decrypting file text-encrypted for U_cms_enc_gost2001_XA_1.2:ok
????    5: Decrypting file text-encrypted for U_cms_enc_gost2001_XA_1.2:ok
????    6: Decrypting file encrypted for U_cms_enc_gost2001_XB_1.2.643.:ok
????    7: Decrypting file text-encrypted for U_cms_enc_gost2001_XB_1.2:ok
????    8: Decrypting file text-encrypted for U_cms_enc_gost2001_XB_1.2:ok
????    9: Decrypting file encrypted for U_cms_enc_gost2001_XA_        :ok
????   10: Decrypting file text-encrypted for U_cms_enc_gost2001_XA_   :ok
????   11: Decrypting file text-encrypted for U_cms_enc_gost2001_XA_ wi:ok
????   12: Decrypting file encrypted for U_cms_enc_gost2012_256_XA_1.2.:ok
????   13: Decrypting file text-encrypted for U_cms_enc_gost2012_256_XA:ok
????   14: Decrypting file text-encrypted for U_cms_enc_gost2012_256_XA:ok
????   15: Decrypting file encrypted for U_cms_enc_gost2012_256_XB_1.2.:ok
????   16: Decrypting file text-encrypted for U_cms_enc_gost2012_256_XB:ok
????   17: Decrypting file text-encrypted for U_cms_enc_gost2012_256_XB:ok
????   18: Decrypting file encrypted for U_cms_enc_gost2012_256_XA_    :ok
????   19: Decrypting file text-encrypted for U_cms_enc_gost2012_256_XA:ok
????   20: Decrypting file text-encrypted for U_cms_enc_gost2012_256_XA:ok
????   21: Decrypting file encrypted for U_cms_enc_gost2012_512_A_1.2.6:ok
????   22: Decrypting file text-encrypted for U_cms_enc_gost2012_512_A_:ok
????   23: Decrypting file text-encrypted for U_cms_enc_gost2012_512_A_:ok
????   24: Decrypting file encrypted for U_cms_enc_gost2012_512_B_1.2.6:ok
????   25: Decrypting file text-encrypted for U_cms_enc_gost2012_512_B_:ok
????   26: Decrypting file text-encrypted for U_cms_enc_gost2012_512_B_:ok
????   27: Decrypting file encrypted for U_cms_enc_gost2012_512_A_     :ok
????   28: Decrypting file text-encrypted for U_cms_enc_gost2012_512_A_:ok
????   29: Decrypting file text-encrypted for U_cms_enc_gost2012_512_A_:ok
????   30: Decrypting gost-encrypted file, recipient gost2001_XA_1.2.64:ok
????   31: Decrypting gost-encrypted file without cert, recipient gost2:ok
????   32: Decrypting gost-encrypted file, recipient gost2001_XB_1.2.64:ok
????   33: Decrypting gost-encrypted file without cert, recipient gost2:ok
????   34: Decrypting gost-encrypted file, recipient gost2001_XA_      :ok
????   35: Decrypting gost-encrypted file without cert, recipient gost2:ok
????   36: Decrypting gost-encrypted file, recipient gost2012_256_XA_1.:ok
????   37: Decrypting gost-encrypted file without cert, recipient gost2:ok
????   38: Decrypting gost-encrypted file, recipient gost2012_256_XB_1.:ok
????   39: Decrypting gost-encrypted file without cert, recipient gost2:ok
????   40: Decrypting gost-encrypted file, recipient gost2012_256_XA_  :ok
????   41: Decrypting gost-encrypted file without cert, recipient gost2:ok
????   42: Decrypting gost-encrypted file, recipient gost2012_512_A_1.2:ok
????   43: Decrypting gost-encrypted file without cert, recipient gost2:ok
????   44: Decrypting gost-encrypted file, recipient gost2012_512_B_1.2:ok
????   45: Decrypting gost-encrypted file without cert, recipient gost2:ok
????   46: Decrypting gost-encrypted file, recipient gost2012_512_A_   :ok
????   47: Decrypting gost-encrypted file without cert, recipient gost2:ok
===================================================
????? 47 ??????. ????????? 47 ???????, 0 ?????????
File         Test name                                Total   ok fail skip  ign
-------------------------------------------------------------------------------
engine       ????? ?? ??????? engine                      1    1    0    0    0
dgst         ????? ?? ??????? dgst                       34   34    0    0    0
mac          ????? ?? ??????? dgst ? MAC                 27   27    0    0    0
pkcs8        ????? ?? ??????? pkcs8                      20   17    3    0    0
enc          ????? ?? ??????? enc                        31   31    0    0    0
req-genpkey  ???????? ?????? ? ??????, ??????? genpkey  143  143    0    0    0
req-newkey   ???????? ?????? ? ??????, ??????? req -ne   70   68    0    0    2
ca           ????? ?? ??????? ca                        187  174   13    0    0
smime        ????? ?? ??????? smime                     178  178    0    0    0
smime2       ????? ?? ??????? smime - ?????? ???????     51   51    0    0    0
smimeenc     ????? ?? smime -encrypt                     70   70    0    0    0
cms          ????? ?? ??????? cms                       178  178    0    0    0
cms2         ????? ?? ??????? cms - ?????? ???????       51   51    0    0    0
cmstc262019  CMS tests, TC26 examples                     8    4    4    0    0
cmsenc       ????? ?? cms -encrypt                      100  100    0    0    0
pkcs12       ????? ?? ??????? pkcs12                     51   34   17    0    0
nopath       ????????? engine ??? ???? ?????????? dyna    9    0    0    9    0
ocsp         ????? ?? OCSP-??????? ? ??????              78   63   15    0    0
ts           ????? ?? timestamping protocol              89   65   24    0    0
ssl          ????? ?? SSL-?????????? ????? s_client ?   321  291   30    0    0
smime_io     ????? ?? ????????????? smime ? cms -sign    80   80    0    0    0
cms_io       ????? ?? ?????????????? cms ? smime -sign   80   80    0    0    0
smimeenc_io  ????? ?? ????????????? smime ? cms -encry   32   32    0    0    0
cmsenc_io    ????? ?? ????????????? cms ? smime -encry   47   47    0    0    0
-------------------------------------------------------------------------------
Total                                                  1936 1819  106    9    2
Some tests FAILED, code 3.
make[6]: *** [CMakeFiles/tcl_tests.dir/build.make:70: CMakeFiles/tcl_tests] Error 3
make[5]: *** [CMakeFiles/Makefile2:698: CMakeFiles/tcl_tests.dir/all] Error 2
make[4]: *** [CMakeFiles/Makefile2:705: CMakeFiles/tcl_tests.dir/rule] Error 2
make[3]: *** [Makefile:452: tcl_tests] Error 2
make[3]: Leaving directory '/home/phaedrus/Forge/GH/Qompass/KO/qompassl-340/test-runs/test_external_gost_engine'
../../util/wrap.pl sh ../../test/recipes/95-test_external_gost_engine_data/gost_engine.sh => 2
not ok 1 - running GOST engine tests
# ------------------------------------------------------------------------------
#   Failed test 'running GOST engine tests'
#   at test/recipes/95-test_external_gost_engine.t line 27.
# Looks like you failed 1 test of 1.95-test_external_gost_engine.t .......... 
Dubious, test returned 1 (wstat 256, 0x100)
Failed 1/1 subtests 
